Sep 19 2022 02:01:40
{"Number":2,"Message":"fopen(\/Applications\/XAMPP\/xamppfiles\/htdocs\/wp-content\/.DS_Store): failed to open stream: Permission denied","File":"\/Applications\/XAMPP\/xamppfiles\/htdocs\/wp-content\/plugins\/all-in-one-wp-migration\/lib\/vendor\/servmask\/archiver\/class-ai1wm-extractor.php","Line":486}

Sep 19 2022 02:01:40
{"Number":2,"Message":"touch(): Utime failed: Operation not permitted","File":"\/Applications\/XAMPP\/xamppfiles\/htdocs\/wp-content\/plugins\/all-in-one-wp-migration\/lib\/vendor\/servmask\/archiver\/class-ai1wm-extractor.php","Line":545}

Sep 19 2022 02:01:40
{"Number":2,"Message":"chmod(): Operation not permitted","File":"\/Applications\/XAMPP\/xamppfiles\/htdocs\/wp-content\/plugins\/all-in-one-wp-migration\/lib\/vendor\/servmask\/archiver\/class-ai1wm-extractor.php","Line":548}

Sep 19 2022 02:01:40
{"Number":2,"Message":"touch(): Utime failed: Operation not permitted","File":"\/Applications\/XAMPP\/xamppfiles\/htdocs\/wp-content\/plugins\/all-in-one-wp-migration\/lib\/vendor\/servmask\/archiver\/class-ai1wm-extractor.php","Line":545}

Sep 19 2022 02:01:40
{"Number":2,"Message":"chmod(): Operation not permitted","File":"\/Applications\/XAMPP\/xamppfiles\/htdocs\/wp-content\/plugins\/all-in-one-wp-migration\/lib\/vendor\/servmask\/archiver\/class-ai1wm-extractor.php","Line":548}

Sep 19 2022 02:01:40
{"Number":2,"Message":"touch(): Utime failed: Operation not permitted","File":"\/Applications\/XAMPP\/xamppfiles\/htdocs\/wp-content\/plugins\/all-in-one-wp-migration\/lib\/vendor\/servmask\/archiver\/class-ai1wm-extractor.php","Line":545}

Sep 19 2022 02:01:40
{"Number":2,"Message":"chmod(): Operation not permitted","File":"\/Applications\/XAMPP\/xamppfiles\/htdocs\/wp-content\/plugins\/all-in-one-wp-migration\/lib\/vendor\/servmask\/archiver\/class-ai1wm-extractor.php","Line":548}

Sep 19 2022 02:01:40
{"Number":2,"Message":"touch(): Utime failed: Operation not permitted","File":"\/Applications\/XAMPP\/xamppfiles\/htdocs\/wp-content\/plugins\/all-in-one-wp-migration\/lib\/vendor\/servmask\/archiver\/class-ai1wm-extractor.php","Line":545}

Sep 19 2022 02:01:40
{"Number":2,"Message":"chmod(): Operation not permitted","File":"\/Applications\/XAMPP\/xamppfiles\/htdocs\/wp-content\/plugins\/all-in-one-wp-migration\/lib\/vendor\/servmask\/archiver\/class-ai1wm-extractor.php","Line":548}

Sep 19 2022 02:01:40
{"Number":2,"Message":"touch(): Utime failed: Operation not permitted","File":"\/Applications\/XAMPP\/xamppfiles\/htdocs\/wp-content\/plugins\/all-in-one-wp-migration\/lib\/vendor\/servmask\/archiver\/class-ai1wm-extractor.php","Line":545}

Sep 19 2022 02:01:40
{"Number":2,"Message":"chmod(): Operation not permitted","File":"\/Applications\/XAMPP\/xamppfiles\/htdocs\/wp-content\/plugins\/all-in-one-wp-migration\/lib\/vendor\/servmask\/archiver\/class-ai1wm-extractor.php","Line":548}

Sep 19 2022 02:01:40
{"Number":2,"Message":"touch(): Utime failed: Operation not permitted","File":"\/Applications\/XAMPP\/xamppfiles\/htdocs\/wp-content\/plugins\/all-in-one-wp-migration\/lib\/vendor\/servmask\/archiver\/class-ai1wm-extractor.php","Line":545}

Sep 19 2022 02:01:40
{"Number":2,"Message":"chmod(): Operation not permitted","File":"\/Applications\/XAMPP\/xamppfiles\/htdocs\/wp-content\/plugins\/all-in-one-wp-migration\/lib\/vendor\/servmask\/archiver\/class-ai1wm-extractor.php","Line":548}

Sep 19 2022 02:01:40
{"Number":2,"Message":"touch(): Utime failed: Operation not permitted","File":"\/Applications\/XAMPP\/xamppfiles\/htdocs\/wp-content\/plugins\/all-in-one-wp-migration\/lib\/vendor\/servmask\/archiver\/class-ai1wm-extractor.php","Line":545}

Sep 19 2022 02:01:40
{"Number":2,"Message":"chmod(): Operation not permitted","File":"\/Applications\/XAMPP\/xamppfiles\/htdocs\/wp-content\/plugins\/all-in-one-wp-migration\/lib\/vendor\/servmask\/archiver\/class-ai1wm-extractor.php","Line":548}

Sep 19 2022 02:01:41
{"Number":2,"Message":"fopen(\/Applications\/XAMPP\/xamppfiles\/htdocs\/wp-content\/plugins\/.DS_Store): failed to open stream: Permission denied","File":"\/Applications\/XAMPP\/xamppfiles\/htdocs\/wp-content\/plugins\/all-in-one-wp-migration\/lib\/vendor\/servmask\/archiver\/class-ai1wm-extractor.php","Line":486}

Sep 19 2022 02:01:41
{"Number":2,"Message":"touch(): Utime failed: Operation not permitted","File":"\/Applications\/XAMPP\/xamppfiles\/htdocs\/wp-content\/plugins\/all-in-one-wp-migration\/lib\/vendor\/servmask\/archiver\/class-ai1wm-extractor.php","Line":545}

Sep 19 2022 02:01:41
{"Number":2,"Message":"chmod(): Operation not permitted","File":"\/Applications\/XAMPP\/xamppfiles\/htdocs\/wp-content\/plugins\/all-in-one-wp-migration\/lib\/vendor\/servmask\/archiver\/class-ai1wm-extractor.php","Line":548}

Sep 19 2022 02:01:41
{"Number":2,"Message":"fopen(\/Applications\/XAMPP\/xamppfiles\/htdocs\/wp-content\/themes\/.DS_Store): failed to open stream: Permission denied","File":"\/Applications\/XAMPP\/xamppfiles\/htdocs\/wp-content\/plugins\/all-in-one-wp-migration\/lib\/vendor\/servmask\/archiver\/class-ai1wm-extractor.php","Line":486}

Sep 19 2022 02:01:41
{"Number":2,"Message":"touch(): Utime failed: Operation not permitted","File":"\/Applications\/XAMPP\/xamppfiles\/htdocs\/wp-content\/plugins\/all-in-one-wp-migration\/lib\/vendor\/servmask\/archiver\/class-ai1wm-extractor.php","Line":545}

Sep 19 2022 02:01:41
{"Number":2,"Message":"chmod(): Operation not permitted","File":"\/Applications\/XAMPP\/xamppfiles\/htdocs\/wp-content\/plugins\/all-in-one-wp-migration\/lib\/vendor\/servmask\/archiver\/class-ai1wm-extractor.php","Line":548}

Sep 19 2022 02:01:41
{"Number":2,"Message":"touch(): Utime failed: Operation not permitted","File":"\/Applications\/XAMPP\/xamppfiles\/htdocs\/wp-content\/plugins\/all-in-one-wp-migration\/lib\/vendor\/servmask\/archiver\/class-ai1wm-extractor.php","Line":545}

Sep 19 2022 02:01:41
{"Number":2,"Message":"chmod(): Operation not permitted","File":"\/Applications\/XAMPP\/xamppfiles\/htdocs\/wp-content\/plugins\/all-in-one-wp-migration\/lib\/vendor\/servmask\/archiver\/class-ai1wm-extractor.php","Line":548}

Sep 19 2022 02:01:41
{"Number":2,"Message":"touch(): Utime failed: Operation not permitted","File":"\/Applications\/XAMPP\/xamppfiles\/htdocs\/wp-content\/plugins\/all-in-one-wp-migration\/lib\/vendor\/servmask\/archiver\/class-ai1wm-extractor.php","Line":545}

Sep 19 2022 02:01:41
{"Number":2,"Message":"chmod(): Operation not permitted","File":"\/Applications\/XAMPP\/xamppfiles\/htdocs\/wp-content\/plugins\/all-in-one-wp-migration\/lib\/vendor\/servmask\/archiver\/class-ai1wm-extractor.php","Line":548}

Sep 19 2022 02:01:41
{"Number":2,"Message":"fopen(\/Applications\/XAMPP\/xamppfiles\/htdocs\/wp-content\/themes\/monsterrat\/woocommerce\/.DS_Store): failed to open stream: Permission denied","File":"\/Applications\/XAMPP\/xamppfiles\/htdocs\/wp-content\/plugins\/all-in-one-wp-migration\/lib\/vendor\/servmask\/archiver\/class-ai1wm-extractor.php","Line":486}

Sep 19 2022 02:01:41
{"Number":2,"Message":"touch(): Utime failed: Operation not permitted","File":"\/Applications\/XAMPP\/xamppfiles\/htdocs\/wp-content\/plugins\/all-in-one-wp-migration\/lib\/vendor\/servmask\/archiver\/class-ai1wm-extractor.php","Line":545}

Sep 19 2022 02:01:41
{"Number":2,"Message":"chmod(): Operation not permitted","File":"\/Applications\/XAMPP\/xamppfiles\/htdocs\/wp-content\/plugins\/all-in-one-wp-migration\/lib\/vendor\/servmask\/archiver\/class-ai1wm-extractor.php","Line":548}

Sep 19 2022 02:01:41
{"Number":2,"Message":"touch(): Utime failed: Operation not permitted","File":"\/Applications\/XAMPP\/xamppfiles\/htdocs\/wp-content\/plugins\/all-in-one-wp-migration\/lib\/vendor\/servmask\/archiver\/class-ai1wm-extractor.php","Line":545}

Sep 19 2022 02:01:41
{"Number":2,"Message":"chmod(): Operation not permitted","File":"\/Applications\/XAMPP\/xamppfiles\/htdocs\/wp-content\/plugins\/all-in-one-wp-migration\/lib\/vendor\/servmask\/archiver\/class-ai1wm-extractor.php","Line":548}

Sep 19 2022 02:01:41
{"Number":2,"Message":"touch(): Utime failed: Operation not permitted","File":"\/Applications\/XAMPP\/xamppfiles\/htdocs\/wp-content\/plugins\/all-in-one-wp-migration\/lib\/vendor\/servmask\/archiver\/class-ai1wm-extractor.php","Line":545}

Sep 19 2022 02:01:41
{"Number":2,"Message":"chmod(): Operation not permitted","File":"\/Applications\/XAMPP\/xamppfiles\/htdocs\/wp-content\/plugins\/all-in-one-wp-migration\/lib\/vendor\/servmask\/archiver\/class-ai1wm-extractor.php","Line":548}

Sep 19 2022 02:01:41
{"Number":2,"Message":"touch(): Utime failed: Operation not permitted","File":"\/Applications\/XAMPP\/xamppfiles\/htdocs\/wp-content\/plugins\/all-in-one-wp-migration\/lib\/vendor\/servmask\/archiver\/class-ai1wm-extractor.php","Line":545}

Sep 19 2022 02:01:41
{"Number":2,"Message":"chmod(): Operation not permitted","File":"\/Applications\/XAMPP\/xamppfiles\/htdocs\/wp-content\/plugins\/all-in-one-wp-migration\/lib\/vendor\/servmask\/archiver\/class-ai1wm-extractor.php","Line":548}

Sep 19 2022 02:01:41
{"Number":2,"Message":"touch(): Utime failed: Operation not permitted","File":"\/Applications\/XAMPP\/xamppfiles\/htdocs\/wp-content\/plugins\/all-in-one-wp-migration\/lib\/vendor\/servmask\/archiver\/class-ai1wm-extractor.php","Line":545}

Sep 19 2022 02:01:41
{"Number":2,"Message":"chmod(): Operation not permitted","File":"\/Applications\/XAMPP\/xamppfiles\/htdocs\/wp-content\/plugins\/all-in-one-wp-migration\/lib\/vendor\/servmask\/archiver\/class-ai1wm-extractor.php","Line":548}

Sep 19 2022 02:01:41
{"Number":2,"Message":"touch(): Utime failed: Operation not permitted","File":"\/Applications\/XAMPP\/xamppfiles\/htdocs\/wp-content\/plugins\/all-in-one-wp-migration\/lib\/vendor\/servmask\/archiver\/class-ai1wm-extractor.php","Line":545}

Sep 19 2022 02:01:41
{"Number":2,"Message":"chmod(): Operation not permitted","File":"\/Applications\/XAMPP\/xamppfiles\/htdocs\/wp-content\/plugins\/all-in-one-wp-migration\/lib\/vendor\/servmask\/archiver\/class-ai1wm-extractor.php","Line":548}

Sep 19 2022 02:01:41
{"Number":2,"Message":"touch(): Utime failed: Operation not permitted","File":"\/Applications\/XAMPP\/xamppfiles\/htdocs\/wp-content\/plugins\/all-in-one-wp-migration\/lib\/vendor\/servmask\/archiver\/class-ai1wm-extractor.php","Line":545}

Sep 19 2022 02:01:41
{"Number":2,"Message":"chmod(): Operation not permitted","File":"\/Applications\/XAMPP\/xamppfiles\/htdocs\/wp-content\/plugins\/all-in-one-wp-migration\/lib\/vendor\/servmask\/archiver\/class-ai1wm-extractor.php","Line":548}

Sep 19 2022 02:01:41
{"Number":2,"Message":"touch(): Utime failed: Operation not permitted","File":"\/Applications\/XAMPP\/xamppfiles\/htdocs\/wp-content\/plugins\/all-in-one-wp-migration\/lib\/vendor\/servmask\/archiver\/class-ai1wm-extractor.php","Line":545}

Sep 19 2022 02:01:41
{"Number":2,"Message":"chmod(): Operation not permitted","File":"\/Applications\/XAMPP\/xamppfiles\/htdocs\/wp-content\/plugins\/all-in-one-wp-migration\/lib\/vendor\/servmask\/archiver\/class-ai1wm-extractor.php","Line":548}

Sep 19 2022 02:01:41
{"Number":2,"Message":"fopen(\/Applications\/XAMPP\/xamppfiles\/htdocs\/wp-content\/themes\/monsterrat\/.DS_Store): failed to open stream: Permission denied","File":"\/Applications\/XAMPP\/xamppfiles\/htdocs\/wp-content\/plugins\/all-in-one-wp-migration\/lib\/vendor\/servmask\/archiver\/class-ai1wm-extractor.php","Line":486}

Sep 19 2022 02:01:41
{"Number":2,"Message":"touch(): Utime failed: Operation not permitted","File":"\/Applications\/XAMPP\/xamppfiles\/htdocs\/wp-content\/plugins\/all-in-one-wp-migration\/lib\/vendor\/servmask\/archiver\/class-ai1wm-extractor.php","Line":545}

Sep 19 2022 02:01:41
{"Number":2,"Message":"chmod(): Operation not permitted","File":"\/Applications\/XAMPP\/xamppfiles\/htdocs\/wp-content\/plugins\/all-in-one-wp-migration\/lib\/vendor\/servmask\/archiver\/class-ai1wm-extractor.php","Line":548}

Sep 19 2022 02:01:41
{"Number":2,"Message":"touch(): Utime failed: Operation not permitted","File":"\/Applications\/XAMPP\/xamppfiles\/htdocs\/wp-content\/plugins\/all-in-one-wp-migration\/lib\/vendor\/servmask\/archiver\/class-ai1wm-extractor.php","Line":545}

Sep 19 2022 02:01:41
{"Number":2,"Message":"chmod(): Operation not permitted","File":"\/Applications\/XAMPP\/xamppfiles\/htdocs\/wp-content\/plugins\/all-in-one-wp-migration\/lib\/vendor\/servmask\/archiver\/class-ai1wm-extractor.php","Line":548}

Sep 19 2022 02:01:41
{"Number":2,"Message":"touch(): Utime failed: Operation not permitted","File":"\/Applications\/XAMPP\/xamppfiles\/htdocs\/wp-content\/plugins\/all-in-one-wp-migration\/lib\/vendor\/servmask\/archiver\/class-ai1wm-extractor.php","Line":545}

Sep 19 2022 02:01:41
{"Number":2,"Message":"chmod(): Operation not permitted","File":"\/Applications\/XAMPP\/xamppfiles\/htdocs\/wp-content\/plugins\/all-in-one-wp-migration\/lib\/vendor\/servmask\/archiver\/class-ai1wm-extractor.php","Line":548}

Sep 19 2022 02:01:41
{"Number":2,"Message":"touch(): Utime failed: Operation not permitted","File":"\/Applications\/XAMPP\/xamppfiles\/htdocs\/wp-content\/plugins\/all-in-one-wp-migration\/lib\/vendor\/servmask\/archiver\/class-ai1wm-extractor.php","Line":545}

Sep 19 2022 02:01:41
{"Number":2,"Message":"chmod(): Operation not permitted","File":"\/Applications\/XAMPP\/xamppfiles\/htdocs\/wp-content\/plugins\/all-in-one-wp-migration\/lib\/vendor\/servmask\/archiver\/class-ai1wm-extractor.php","Line":548}

Sep 19 2022 02:01:41
{"Number":2,"Message":"fopen(\/Applications\/XAMPP\/xamppfiles\/htdocs\/wp-content\/themes\/monsterrat\/homeForNoneUser.php): failed to open stream: Permission denied","File":"\/Applications\/XAMPP\/xamppfiles\/htdocs\/wp-content\/plugins\/all-in-one-wp-migration\/lib\/vendor\/servmask\/archiver\/class-ai1wm-extractor.php","Line":486}

Sep 19 2022 02:01:41
{"Number":2,"Message":"touch(): Utime failed: Operation not permitted","File":"\/Applications\/XAMPP\/xamppfiles\/htdocs\/wp-content\/plugins\/all-in-one-wp-migration\/lib\/vendor\/servmask\/archiver\/class-ai1wm-extractor.php","Line":545}

Sep 19 2022 02:01:41
{"Number":2,"Message":"chmod(): Operation not permitted","File":"\/Applications\/XAMPP\/xamppfiles\/htdocs\/wp-content\/plugins\/all-in-one-wp-migration\/lib\/vendor\/servmask\/archiver\/class-ai1wm-extractor.php","Line":548}

Sep 19 2022 02:01:41
{"Number":2,"Message":"touch(): Utime failed: Operation not permitted","File":"\/Applications\/XAMPP\/xamppfiles\/htdocs\/wp-content\/plugins\/all-in-one-wp-migration\/lib\/vendor\/servmask\/archiver\/class-ai1wm-extractor.php","Line":545}

Sep 19 2022 02:01:41
{"Number":2,"Message":"chmod(): Operation not permitted","File":"\/Applications\/XAMPP\/xamppfiles\/htdocs\/wp-content\/plugins\/all-in-one-wp-migration\/lib\/vendor\/servmask\/archiver\/class-ai1wm-extractor.php","Line":548}

Sep 19 2022 02:01:41
{"Number":2,"Message":"touch(): Utime failed: Operation not permitted","File":"\/Applications\/XAMPP\/xamppfiles\/htdocs\/wp-content\/plugins\/all-in-one-wp-migration\/lib\/vendor\/servmask\/archiver\/class-ai1wm-extractor.php","Line":545}

Sep 19 2022 02:01:41
{"Number":2,"Message":"chmod(): Operation not permitted","File":"\/Applications\/XAMPP\/xamppfiles\/htdocs\/wp-content\/plugins\/all-in-one-wp-migration\/lib\/vendor\/servmask\/archiver\/class-ai1wm-extractor.php","Line":548}

Sep 19 2022 02:01:41
{"Number":2,"Message":"fopen(\/Applications\/XAMPP\/xamppfiles\/htdocs\/wp-content\/themes\/monsterrat\/header-login.php): failed to open stream: Permission denied","File":"\/Applications\/XAMPP\/xamppfiles\/htdocs\/wp-content\/plugins\/all-in-one-wp-migration\/lib\/vendor\/servmask\/archiver\/class-ai1wm-extractor.php","Line":486}

Sep 19 2022 02:01:41
{"Number":2,"Message":"touch(): Utime failed: Operation not permitted","File":"\/Applications\/XAMPP\/xamppfiles\/htdocs\/wp-content\/plugins\/all-in-one-wp-migration\/lib\/vendor\/servmask\/archiver\/class-ai1wm-extractor.php","Line":545}

Sep 19 2022 02:01:41
{"Number":2,"Message":"chmod(): Operation not permitted","File":"\/Applications\/XAMPP\/xamppfiles\/htdocs\/wp-content\/plugins\/all-in-one-wp-migration\/lib\/vendor\/servmask\/archiver\/class-ai1wm-extractor.php","Line":548}

Sep 19 2022 02:01:41
{"Number":2,"Message":"touch(): Utime failed: Operation not permitted","File":"\/Applications\/XAMPP\/xamppfiles\/htdocs\/wp-content\/plugins\/all-in-one-wp-migration\/lib\/vendor\/servmask\/archiver\/class-ai1wm-extractor.php","Line":545}

Sep 19 2022 02:01:41
{"Number":2,"Message":"chmod(): Operation not permitted","File":"\/Applications\/XAMPP\/xamppfiles\/htdocs\/wp-content\/plugins\/all-in-one-wp-migration\/lib\/vendor\/servmask\/archiver\/class-ai1wm-extractor.php","Line":548}

Sep 19 2022 02:01:41
{"Number":2,"Message":"fopen(\/Applications\/XAMPP\/xamppfiles\/htdocs\/wp-content\/themes\/monsterrat\/screenshot.png): failed to open stream: Permission denied","File":"\/Applications\/XAMPP\/xamppfiles\/htdocs\/wp-content\/plugins\/all-in-one-wp-migration\/lib\/vendor\/servmask\/archiver\/class-ai1wm-extractor.php","Line":486}

Sep 19 2022 02:01:41
{"Number":2,"Message":"fopen(\/Applications\/XAMPP\/xamppfiles\/htdocs\/wp-content\/themes\/monsterrat\/home.php): failed to open stream: Permission denied","File":"\/Applications\/XAMPP\/xamppfiles\/htdocs\/wp-content\/plugins\/all-in-one-wp-migration\/lib\/vendor\/servmask\/archiver\/class-ai1wm-extractor.php","Line":486}

Sep 19 2022 02:01:41
{"Number":2,"Message":"touch(): Utime failed: Operation not permitted","File":"\/Applications\/XAMPP\/xamppfiles\/htdocs\/wp-content\/plugins\/all-in-one-wp-migration\/lib\/vendor\/servmask\/archiver\/class-ai1wm-extractor.php","Line":545}

Sep 19 2022 02:01:41
{"Number":2,"Message":"chmod(): Operation not permitted","File":"\/Applications\/XAMPP\/xamppfiles\/htdocs\/wp-content\/plugins\/all-in-one-wp-migration\/lib\/vendor\/servmask\/archiver\/class-ai1wm-extractor.php","Line":548}

Sep 19 2022 02:01:41
{"Number":2,"Message":"touch(): Utime failed: Operation not permitted","File":"\/Applications\/XAMPP\/xamppfiles\/htdocs\/wp-content\/plugins\/all-in-one-wp-migration\/lib\/vendor\/servmask\/archiver\/class-ai1wm-extractor.php","Line":545}

Sep 19 2022 02:01:41
{"Number":2,"Message":"chmod(): Operation not permitted","File":"\/Applications\/XAMPP\/xamppfiles\/htdocs\/wp-content\/plugins\/all-in-one-wp-migration\/lib\/vendor\/servmask\/archiver\/class-ai1wm-extractor.php","Line":548}

Sep 19 2022 02:01:41
{"Number":2,"Message":"touch(): Utime failed: Operation not permitted","File":"\/Applications\/XAMPP\/xamppfiles\/htdocs\/wp-content\/plugins\/all-in-one-wp-migration\/lib\/vendor\/servmask\/archiver\/class-ai1wm-extractor.php","Line":545}

Sep 19 2022 02:01:41
{"Number":2,"Message":"chmod(): Operation not permitted","File":"\/Applications\/XAMPP\/xamppfiles\/htdocs\/wp-content\/plugins\/all-in-one-wp-migration\/lib\/vendor\/servmask\/archiver\/class-ai1wm-extractor.php","Line":548}

Sep 19 2022 02:01:41
{"Number":2,"Message":"touch(): Utime failed: Operation not permitted","File":"\/Applications\/XAMPP\/xamppfiles\/htdocs\/wp-content\/plugins\/all-in-one-wp-migration\/lib\/vendor\/servmask\/archiver\/class-ai1wm-extractor.php","Line":545}

Sep 19 2022 02:01:41
{"Number":2,"Message":"chmod(): Operation not permitted","File":"\/Applications\/XAMPP\/xamppfiles\/htdocs\/wp-content\/plugins\/all-in-one-wp-migration\/lib\/vendor\/servmask\/archiver\/class-ai1wm-extractor.php","Line":548}

Sep 19 2022 02:01:41
{"Number":2,"Message":"fopen(\/Applications\/XAMPP\/xamppfiles\/htdocs\/wp-content\/themes\/monsterrat\/custom_template\/custom-product-home.php): failed to open stream: Permission denied","File":"\/Applications\/XAMPP\/xamppfiles\/htdocs\/wp-content\/plugins\/all-in-one-wp-migration\/lib\/vendor\/servmask\/archiver\/class-ai1wm-extractor.php","Line":486}

Sep 19 2022 02:01:41
{"Number":2,"Message":"fopen(\/Applications\/XAMPP\/xamppfiles\/htdocs\/wp-content\/themes\/monsterrat\/custom_template\/.DS_Store): failed to open stream: Permission denied","File":"\/Applications\/XAMPP\/xamppfiles\/htdocs\/wp-content\/plugins\/all-in-one-wp-migration\/lib\/vendor\/servmask\/archiver\/class-ai1wm-extractor.php","Line":486}

Sep 19 2022 02:01:41
{"Number":2,"Message":"fopen(\/Applications\/XAMPP\/xamppfiles\/htdocs\/wp-content\/themes\/monsterrat\/custom_template\/custom-categories-home.php): failed to open stream: Permission denied","File":"\/Applications\/XAMPP\/xamppfiles\/htdocs\/wp-content\/plugins\/all-in-one-wp-migration\/lib\/vendor\/servmask\/archiver\/class-ai1wm-extractor.php","Line":486}

Sep 19 2022 02:01:41
{"Number":2,"Message":"touch(): Utime failed: Operation not permitted","File":"\/Applications\/XAMPP\/xamppfiles\/htdocs\/wp-content\/plugins\/all-in-one-wp-migration\/lib\/vendor\/servmask\/archiver\/class-ai1wm-extractor.php","Line":545}

Sep 19 2022 02:01:41
{"Number":2,"Message":"chmod(): Operation not permitted","File":"\/Applications\/XAMPP\/xamppfiles\/htdocs\/wp-content\/plugins\/all-in-one-wp-migration\/lib\/vendor\/servmask\/archiver\/class-ai1wm-extractor.php","Line":548}

Sep 19 2022 02:01:41
{"Number":2,"Message":"fopen(\/Applications\/XAMPP\/xamppfiles\/htdocs\/wp-content\/themes\/monsterrat\/template-parts\/.DS_Store): failed to open stream: Permission denied","File":"\/Applications\/XAMPP\/xamppfiles\/htdocs\/wp-content\/plugins\/all-in-one-wp-migration\/lib\/vendor\/servmask\/archiver\/class-ai1wm-extractor.php","Line":486}

Sep 19 2022 02:01:41
{"Number":2,"Message":"touch(): Utime failed: Operation not permitted","File":"\/Applications\/XAMPP\/xamppfiles\/htdocs\/wp-content\/plugins\/all-in-one-wp-migration\/lib\/vendor\/servmask\/archiver\/class-ai1wm-extractor.php","Line":545}

Sep 19 2022 02:01:41
{"Number":2,"Message":"chmod(): Operation not permitted","File":"\/Applications\/XAMPP\/xamppfiles\/htdocs\/wp-content\/plugins\/all-in-one-wp-migration\/lib\/vendor\/servmask\/archiver\/class-ai1wm-extractor.php","Line":548}

Sep 19 2022 02:01:41
{"Number":2,"Message":"touch(): Utime failed: Operation not permitted","File":"\/Applications\/XAMPP\/xamppfiles\/htdocs\/wp-content\/plugins\/all-in-one-wp-migration\/lib\/vendor\/servmask\/archiver\/class-ai1wm-extractor.php","Line":545}

Sep 19 2022 02:01:41
{"Number":2,"Message":"chmod(): Operation not permitted","File":"\/Applications\/XAMPP\/xamppfiles\/htdocs\/wp-content\/plugins\/all-in-one-wp-migration\/lib\/vendor\/servmask\/archiver\/class-ai1wm-extractor.php","Line":548}

Sep 19 2022 02:01:41
{"Number":2,"Message":"fopen(\/Applications\/XAMPP\/xamppfiles\/htdocs\/wp-content\/themes\/monsterrat\/template-parts\/WoocommerceCustom.php): failed to open stream: Permission denied","File":"\/Applications\/XAMPP\/xamppfiles\/htdocs\/wp-content\/plugins\/all-in-one-wp-migration\/lib\/vendor\/servmask\/archiver\/class-ai1wm-extractor.php","Line":486}

Sep 19 2022 02:01:41
{"Number":2,"Message":"touch(): Utime failed: Operation not permitted","File":"\/Applications\/XAMPP\/xamppfiles\/htdocs\/wp-content\/plugins\/all-in-one-wp-migration\/lib\/vendor\/servmask\/archiver\/class-ai1wm-extractor.php","Line":545}

Sep 19 2022 02:01:41
{"Number":2,"Message":"chmod(): Operation not permitted","File":"\/Applications\/XAMPP\/xamppfiles\/htdocs\/wp-content\/plugins\/all-in-one-wp-migration\/lib\/vendor\/servmask\/archiver\/class-ai1wm-extractor.php","Line":548}

Sep 19 2022 02:01:41
{"Number":2,"Message":"touch(): Utime failed: Operation not permitted","File":"\/Applications\/XAMPP\/xamppfiles\/htdocs\/wp-content\/plugins\/all-in-one-wp-migration\/lib\/vendor\/servmask\/archiver\/class-ai1wm-extractor.php","Line":545}

Sep 19 2022 02:01:41
{"Number":2,"Message":"chmod(): Operation not permitted","File":"\/Applications\/XAMPP\/xamppfiles\/htdocs\/wp-content\/plugins\/all-in-one-wp-migration\/lib\/vendor\/servmask\/archiver\/class-ai1wm-extractor.php","Line":548}

Sep 19 2022 02:01:41
{"Number":2,"Message":"touch(): Utime failed: Operation not permitted","File":"\/Applications\/XAMPP\/xamppfiles\/htdocs\/wp-content\/plugins\/all-in-one-wp-migration\/lib\/vendor\/servmask\/archiver\/class-ai1wm-extractor.php","Line":545}

Sep 19 2022 02:01:41
{"Number":2,"Message":"chmod(): Operation not permitted","File":"\/Applications\/XAMPP\/xamppfiles\/htdocs\/wp-content\/plugins\/all-in-one-wp-migration\/lib\/vendor\/servmask\/archiver\/class-ai1wm-extractor.php","Line":548}

Sep 19 2022 02:01:41
{"Number":2,"Message":"touch(): Utime failed: Operation not permitted","File":"\/Applications\/XAMPP\/xamppfiles\/htdocs\/wp-content\/plugins\/all-in-one-wp-migration\/lib\/vendor\/servmask\/archiver\/class-ai1wm-extractor.php","Line":545}

Sep 19 2022 02:01:41
{"Number":2,"Message":"chmod(): Operation not permitted","File":"\/Applications\/XAMPP\/xamppfiles\/htdocs\/wp-content\/plugins\/all-in-one-wp-migration\/lib\/vendor\/servmask\/archiver\/class-ai1wm-extractor.php","Line":548}

Sep 19 2022 02:01:41
{"Number":2,"Message":"touch(): Utime failed: Operation not permitted","File":"\/Applications\/XAMPP\/xamppfiles\/htdocs\/wp-content\/plugins\/all-in-one-wp-migration\/lib\/vendor\/servmask\/archiver\/class-ai1wm-extractor.php","Line":545}

Sep 19 2022 02:01:41
{"Number":2,"Message":"chmod(): Operation not permitted","File":"\/Applications\/XAMPP\/xamppfiles\/htdocs\/wp-content\/plugins\/all-in-one-wp-migration\/lib\/vendor\/servmask\/archiver\/class-ai1wm-extractor.php","Line":548}

Sep 19 2022 02:01:41
{"Number":2,"Message":"touch(): Utime failed: Operation not permitted","File":"\/Applications\/XAMPP\/xamppfiles\/htdocs\/wp-content\/plugins\/all-in-one-wp-migration\/lib\/vendor\/servmask\/archiver\/class-ai1wm-extractor.php","Line":545}

Sep 19 2022 02:01:41
{"Number":2,"Message":"chmod(): Operation not permitted","File":"\/Applications\/XAMPP\/xamppfiles\/htdocs\/wp-content\/plugins\/all-in-one-wp-migration\/lib\/vendor\/servmask\/archiver\/class-ai1wm-extractor.php","Line":548}

Sep 19 2022 02:01:41
{"Number":2,"Message":"touch(): Utime failed: Operation not permitted","File":"\/Applications\/XAMPP\/xamppfiles\/htdocs\/wp-content\/plugins\/all-in-one-wp-migration\/lib\/vendor\/servmask\/archiver\/class-ai1wm-extractor.php","Line":545}

Sep 19 2022 02:01:41
{"Number":2,"Message":"chmod(): Operation not permitted","File":"\/Applications\/XAMPP\/xamppfiles\/htdocs\/wp-content\/plugins\/all-in-one-wp-migration\/lib\/vendor\/servmask\/archiver\/class-ai1wm-extractor.php","Line":548}

Sep 19 2022 02:01:41
{"Number":2,"Message":"touch(): Utime failed: Operation not permitted","File":"\/Applications\/XAMPP\/xamppfiles\/htdocs\/wp-content\/plugins\/all-in-one-wp-migration\/lib\/vendor\/servmask\/archiver\/class-ai1wm-extractor.php","Line":545}

Sep 19 2022 02:01:41
{"Number":2,"Message":"chmod(): Operation not permitted","File":"\/Applications\/XAMPP\/xamppfiles\/htdocs\/wp-content\/plugins\/all-in-one-wp-migration\/lib\/vendor\/servmask\/archiver\/class-ai1wm-extractor.php","Line":548}

Sep 19 2022 02:01:41
{"Number":2,"Message":"touch(): Utime failed: Operation not permitted","File":"\/Applications\/XAMPP\/xamppfiles\/htdocs\/wp-content\/plugins\/all-in-one-wp-migration\/lib\/vendor\/servmask\/archiver\/class-ai1wm-extractor.php","Line":545}

Sep 19 2022 02:01:41
{"Number":2,"Message":"chmod(): Operation not permitted","File":"\/Applications\/XAMPP\/xamppfiles\/htdocs\/wp-content\/plugins\/all-in-one-wp-migration\/lib\/vendor\/servmask\/archiver\/class-ai1wm-extractor.php","Line":548}

Sep 19 2022 02:01:41
{"Number":2,"Message":"fopen(\/Applications\/XAMPP\/xamppfiles\/htdocs\/wp-content\/themes\/monsterrat\/assets\/.DS_Store): failed to open stream: Permission denied","File":"\/Applications\/XAMPP\/xamppfiles\/htdocs\/wp-content\/plugins\/all-in-one-wp-migration\/lib\/vendor\/servmask\/archiver\/class-ai1wm-extractor.php","Line":486}

Sep 19 2022 02:01:41
{"Number":2,"Message":"fopen(\/Applications\/XAMPP\/xamppfiles\/htdocs\/wp-content\/themes\/monsterrat\/assets\/js\/notify.min.js): failed to open stream: Permission denied","File":"\/Applications\/XAMPP\/xamppfiles\/htdocs\/wp-content\/plugins\/all-in-one-wp-migration\/lib\/vendor\/servmask\/archiver\/class-ai1wm-extractor.php","Line":486}

Sep 19 2022 02:01:41
{"Number":2,"Message":"fopen(\/Applications\/XAMPP\/xamppfiles\/htdocs\/wp-content\/themes\/monsterrat\/assets\/js\/add-to-wishlist.js): failed to open stream: Permission denied","File":"\/Applications\/XAMPP\/xamppfiles\/htdocs\/wp-content\/plugins\/all-in-one-wp-migration\/lib\/vendor\/servmask\/archiver\/class-ai1wm-extractor.php","Line":486}

Sep 19 2022 02:01:41
{"Number":2,"Message":"fopen(\/Applications\/XAMPP\/xamppfiles\/htdocs\/wp-content\/themes\/monsterrat\/assets\/js\/notify.js): failed to open stream: Permission denied","File":"\/Applications\/XAMPP\/xamppfiles\/htdocs\/wp-content\/plugins\/all-in-one-wp-migration\/lib\/vendor\/servmask\/archiver\/class-ai1wm-extractor.php","Line":486}

Sep 19 2022 02:01:41
{"Number":2,"Message":"fopen(\/Applications\/XAMPP\/xamppfiles\/htdocs\/wp-content\/themes\/monsterrat\/assets\/js\/nav-menu.js): failed to open stream: Permission denied","File":"\/Applications\/XAMPP\/xamppfiles\/htdocs\/wp-content\/plugins\/all-in-one-wp-migration\/lib\/vendor\/servmask\/archiver\/class-ai1wm-extractor.php","Line":486}

Sep 19 2022 02:01:41
{"Number":2,"Message":"fopen(\/Applications\/XAMPP\/xamppfiles\/htdocs\/wp-content\/themes\/monsterrat\/assets\/js\/mail.js): failed to open stream: Permission denied","File":"\/Applications\/XAMPP\/xamppfiles\/htdocs\/wp-content\/plugins\/all-in-one-wp-migration\/lib\/vendor\/servmask\/archiver\/class-ai1wm-extractor.php","Line":486}

Sep 19 2022 02:01:41
{"Number":2,"Message":"fopen(\/Applications\/XAMPP\/xamppfiles\/htdocs\/wp-content\/themes\/monsterrat\/assets\/js\/home.js): failed to open stream: Permission denied","File":"\/Applications\/XAMPP\/xamppfiles\/htdocs\/wp-content\/plugins\/all-in-one-wp-migration\/lib\/vendor\/servmask\/archiver\/class-ai1wm-extractor.php","Line":486}

Sep 19 2022 02:01:41
{"Number":2,"Message":"fopen(\/Applications\/XAMPP\/xamppfiles\/htdocs\/wp-content\/themes\/monsterrat\/assets\/js\/main-js.js): failed to open stream: Permission denied","File":"\/Applications\/XAMPP\/xamppfiles\/htdocs\/wp-content\/plugins\/all-in-one-wp-migration\/lib\/vendor\/servmask\/archiver\/class-ai1wm-extractor.php","Line":486}

Sep 19 2022 02:01:41
{"Number":2,"Message":"fopen(\/Applications\/XAMPP\/xamppfiles\/htdocs\/wp-content\/themes\/monsterrat\/assets\/js\/login.js): failed to open stream: Permission denied","File":"\/Applications\/XAMPP\/xamppfiles\/htdocs\/wp-content\/plugins\/all-in-one-wp-migration\/lib\/vendor\/servmask\/archiver\/class-ai1wm-extractor.php","Line":486}

Sep 19 2022 02:01:41
{"Number":2,"Message":"fopen(\/Applications\/XAMPP\/xamppfiles\/htdocs\/wp-content\/themes\/monsterrat\/assets\/js\/countdown.js): failed to open stream: Permission denied","File":"\/Applications\/XAMPP\/xamppfiles\/htdocs\/wp-content\/plugins\/all-in-one-wp-migration\/lib\/vendor\/servmask\/archiver\/class-ai1wm-extractor.php","Line":486}

Sep 19 2022 02:01:41
{"Number":2,"Message":"fopen(\/Applications\/XAMPP\/xamppfiles\/htdocs\/wp-content\/themes\/monsterrat\/assets\/js\/responsive.js): failed to open stream: Permission denied","File":"\/Applications\/XAMPP\/xamppfiles\/htdocs\/wp-content\/plugins\/all-in-one-wp-migration\/lib\/vendor\/servmask\/archiver\/class-ai1wm-extractor.php","Line":486}

Sep 19 2022 02:01:41
{"Number":2,"Message":"fopen(\/Applications\/XAMPP\/xamppfiles\/htdocs\/wp-content\/themes\/monsterrat\/assets\/js\/single-product.js): failed to open stream: Permission denied","File":"\/Applications\/XAMPP\/xamppfiles\/htdocs\/wp-content\/plugins\/all-in-one-wp-migration\/lib\/vendor\/servmask\/archiver\/class-ai1wm-extractor.php","Line":486}

Sep 19 2022 02:01:41
{"Number":2,"Message":"fopen(\/Applications\/XAMPP\/xamppfiles\/htdocs\/wp-content\/themes\/monsterrat\/assets\/js\/search.js): failed to open stream: Permission denied","File":"\/Applications\/XAMPP\/xamppfiles\/htdocs\/wp-content\/plugins\/all-in-one-wp-migration\/lib\/vendor\/servmask\/archiver\/class-ai1wm-extractor.php","Line":486}

Sep 19 2022 02:01:41
{"Number":2,"Message":"fopen(\/Applications\/XAMPP\/xamppfiles\/htdocs\/wp-content\/themes\/monsterrat\/assets\/js\/slider-single-product.js): failed to open stream: Permission denied","File":"\/Applications\/XAMPP\/xamppfiles\/htdocs\/wp-content\/plugins\/all-in-one-wp-migration\/lib\/vendor\/servmask\/archiver\/class-ai1wm-extractor.php","Line":486}

Sep 19 2022 02:01:41
{"Number":2,"Message":"fopen(\/Applications\/XAMPP\/xamppfiles\/htdocs\/wp-content\/themes\/monsterrat\/assets\/js\/loader.js): failed to open stream: Permission denied","File":"\/Applications\/XAMPP\/xamppfiles\/htdocs\/wp-content\/plugins\/all-in-one-wp-migration\/lib\/vendor\/servmask\/archiver\/class-ai1wm-extractor.php","Line":486}

Sep 19 2022 02:01:41
{"Number":2,"Message":"fopen(\/Applications\/XAMPP\/xamppfiles\/htdocs\/wp-content\/themes\/monsterrat\/assets\/style\/.DS_Store): failed to open stream: Permission denied","File":"\/Applications\/XAMPP\/xamppfiles\/htdocs\/wp-content\/plugins\/all-in-one-wp-migration\/lib\/vendor\/servmask\/archiver\/class-ai1wm-extractor.php","Line":486}

Sep 19 2022 02:01:41
{"Number":2,"Message":"fopen(\/Applications\/XAMPP\/xamppfiles\/htdocs\/wp-content\/themes\/monsterrat\/assets\/style\/loader.css): failed to open stream: Permission denied","File":"\/Applications\/XAMPP\/xamppfiles\/htdocs\/wp-content\/plugins\/all-in-one-wp-migration\/lib\/vendor\/servmask\/archiver\/class-ai1wm-extractor.php","Line":486}

Sep 19 2022 02:01:41
{"Number":2,"Message":"fopen(\/Applications\/XAMPP\/xamppfiles\/htdocs\/wp-content\/themes\/monsterrat\/assets\/style\/responsive.css): failed to open stream: Permission denied","File":"\/Applications\/XAMPP\/xamppfiles\/htdocs\/wp-content\/plugins\/all-in-one-wp-migration\/lib\/vendor\/servmask\/archiver\/class-ai1wm-extractor.php","Line":486}

Sep 19 2022 02:01:41
{"Number":2,"Message":"fopen(\/Applications\/XAMPP\/xamppfiles\/htdocs\/wp-content\/themes\/monsterrat\/assets\/style\/main-style.css): failed to open stream: Permission denied","File":"\/Applications\/XAMPP\/xamppfiles\/htdocs\/wp-content\/plugins\/all-in-one-wp-migration\/lib\/vendor\/servmask\/archiver\/class-ai1wm-extractor.php","Line":486}

Sep 19 2022 02:01:41
{"Number":2,"Message":"fopen(\/Applications\/XAMPP\/xamppfiles\/htdocs\/wp-content\/themes\/monsterrat\/footer-login.php): failed to open stream: Permission denied","File":"\/Applications\/XAMPP\/xamppfiles\/htdocs\/wp-content\/plugins\/all-in-one-wp-migration\/lib\/vendor\/servmask\/archiver\/class-ai1wm-extractor.php","Line":486}

Sep 19 2022 02:01:41
{"Number":2,"Message":"fopen(\/Applications\/XAMPP\/xamppfiles\/htdocs\/wp-content\/themes\/monsterrat\/login\/logout.php): failed to open stream: Permission denied","File":"\/Applications\/XAMPP\/xamppfiles\/htdocs\/wp-content\/plugins\/all-in-one-wp-migration\/lib\/vendor\/servmask\/archiver\/class-ai1wm-extractor.php","Line":486}

Sep 19 2022 02:01:41
{"Number":2,"Message":"fopen(\/Applications\/XAMPP\/xamppfiles\/htdocs\/wp-content\/themes\/monsterrat\/login\/wp-login.php): failed to open stream: Permission denied","File":"\/Applications\/XAMPP\/xamppfiles\/htdocs\/wp-content\/plugins\/all-in-one-wp-migration\/lib\/vendor\/servmask\/archiver\/class-ai1wm-extractor.php","Line":486}

Sep 19 2022 02:01:41
{"Number":2,"Message":"touch(): Utime failed: Operation not permitted","File":"\/Applications\/XAMPP\/xamppfiles\/htdocs\/wp-content\/plugins\/all-in-one-wp-migration\/lib\/vendor\/servmask\/archiver\/class-ai1wm-extractor.php","Line":545}

Sep 19 2022 02:01:41
{"Number":2,"Message":"chmod(): Operation not permitted","File":"\/Applications\/XAMPP\/xamppfiles\/htdocs\/wp-content\/plugins\/all-in-one-wp-migration\/lib\/vendor\/servmask\/archiver\/class-ai1wm-extractor.php","Line":548}

Sep 19 2022 02:01:41
{"Number":2,"Message":"touch(): Utime failed: Operation not permitted","File":"\/Applications\/XAMPP\/xamppfiles\/htdocs\/wp-content\/plugins\/all-in-one-wp-migration\/lib\/vendor\/servmask\/archiver\/class-ai1wm-extractor.php","Line":545}

Sep 19 2022 02:01:41
{"Number":2,"Message":"chmod(): Operation not permitted","File":"\/Applications\/XAMPP\/xamppfiles\/htdocs\/wp-content\/plugins\/all-in-one-wp-migration\/lib\/vendor\/servmask\/archiver\/class-ai1wm-extractor.php","Line":548}

Sep 19 2022 02:01:41
{"Number":2,"Message":"fopen(\/Applications\/XAMPP\/xamppfiles\/htdocs\/wp-content\/themes\/monsterrat\/homeForLoginInUser.php): failed to open stream: Permission denied","File":"\/Applications\/XAMPP\/xamppfiles\/htdocs\/wp-content\/plugins\/all-in-one-wp-migration\/lib\/vendor\/servmask\/archiver\/class-ai1wm-extractor.php","Line":486}

Sep 19 2022 02:01:41
{"Number":2,"Message":"touch(): Utime failed: Operation not permitted","File":"\/Applications\/XAMPP\/xamppfiles\/htdocs\/wp-content\/plugins\/all-in-one-wp-migration\/lib\/vendor\/servmask\/archiver\/class-ai1wm-extractor.php","Line":545}

Sep 19 2022 02:01:41
{"Number":2,"Message":"chmod(): Operation not permitted","File":"\/Applications\/XAMPP\/xamppfiles\/htdocs\/wp-content\/plugins\/all-in-one-wp-migration\/lib\/vendor\/servmask\/archiver\/class-ai1wm-extractor.php","Line":548}

Sep 19 2022 02:01:41
{"Number":2,"Message":"touch(): Utime failed: Operation not permitted","File":"\/Applications\/XAMPP\/xamppfiles\/htdocs\/wp-content\/plugins\/all-in-one-wp-migration\/lib\/vendor\/servmask\/archiver\/class-ai1wm-extractor.php","Line":545}

Sep 19 2022 02:01:41
{"Number":2,"Message":"chmod(): Operation not permitted","File":"\/Applications\/XAMPP\/xamppfiles\/htdocs\/wp-content\/plugins\/all-in-one-wp-migration\/lib\/vendor\/servmask\/archiver\/class-ai1wm-extractor.php","Line":548}

Sep 19 2022 02:01:41
{"Number":2,"Message":"touch(): Utime failed: Operation not permitted","File":"\/Applications\/XAMPP\/xamppfiles\/htdocs\/wp-content\/plugins\/all-in-one-wp-migration\/lib\/vendor\/servmask\/archiver\/class-ai1wm-extractor.php","Line":545}

Sep 19 2022 02:01:41
{"Number":2,"Message":"chmod(): Operation not permitted","File":"\/Applications\/XAMPP\/xamppfiles\/htdocs\/wp-content\/plugins\/all-in-one-wp-migration\/lib\/vendor\/servmask\/archiver\/class-ai1wm-extractor.php","Line":548}

Sep 19 2022 02:01:41
{"Number":2,"Message":"touch(): Utime failed: Operation not permitted","File":"\/Applications\/XAMPP\/xamppfiles\/htdocs\/wp-content\/plugins\/all-in-one-wp-migration\/lib\/vendor\/servmask\/archiver\/class-ai1wm-extractor.php","Line":545}

Sep 19 2022 02:01:41
{"Number":2,"Message":"chmod(): Operation not permitted","File":"\/Applications\/XAMPP\/xamppfiles\/htdocs\/wp-content\/plugins\/all-in-one-wp-migration\/lib\/vendor\/servmask\/archiver\/class-ai1wm-extractor.php","Line":548}

Sep 19 2022 02:01:41
{"Number":2,"Message":"touch(): Utime failed: Operation not permitted","File":"\/Applications\/XAMPP\/xamppfiles\/htdocs\/wp-content\/plugins\/all-in-one-wp-migration\/lib\/vendor\/servmask\/archiver\/class-ai1wm-extractor.php","Line":545}

Sep 19 2022 02:01:41
{"Number":2,"Message":"chmod(): Operation not permitted","File":"\/Applications\/XAMPP\/xamppfiles\/htdocs\/wp-content\/plugins\/all-in-one-wp-migration\/lib\/vendor\/servmask\/archiver\/class-ai1wm-extractor.php","Line":548}

Sep 19 2022 02:01:41
{"Number":2,"Message":"touch(): Utime failed: Operation not permitted","File":"\/Applications\/XAMPP\/xamppfiles\/htdocs\/wp-content\/plugins\/all-in-one-wp-migration\/lib\/vendor\/servmask\/archiver\/class-ai1wm-extractor.php","Line":545}

Sep 19 2022 02:01:41
{"Number":2,"Message":"chmod(): Operation not permitted","File":"\/Applications\/XAMPP\/xamppfiles\/htdocs\/wp-content\/plugins\/all-in-one-wp-migration\/lib\/vendor\/servmask\/archiver\/class-ai1wm-extractor.php","Line":548}

Sep 19 2022 02:01:41
{"Number":2,"Message":"touch(): Utime failed: Operation not permitted","File":"\/Applications\/XAMPP\/xamppfiles\/htdocs\/wp-content\/plugins\/all-in-one-wp-migration\/lib\/vendor\/servmask\/archiver\/class-ai1wm-extractor.php","Line":545}

Sep 19 2022 02:01:41
{"Number":2,"Message":"chmod(): Operation not permitted","File":"\/Applications\/XAMPP\/xamppfiles\/htdocs\/wp-content\/plugins\/all-in-one-wp-migration\/lib\/vendor\/servmask\/archiver\/class-ai1wm-extractor.php","Line":548}

Sep 19 2022 02:01:41
{"Number":2,"Message":"touch(): Utime failed: Operation not permitted","File":"\/Applications\/XAMPP\/xamppfiles\/htdocs\/wp-content\/plugins\/all-in-one-wp-migration\/lib\/vendor\/servmask\/archiver\/class-ai1wm-extractor.php","Line":545}

Sep 19 2022 02:01:41
{"Number":2,"Message":"chmod(): Operation not permitted","File":"\/Applications\/XAMPP\/xamppfiles\/htdocs\/wp-content\/plugins\/all-in-one-wp-migration\/lib\/vendor\/servmask\/archiver\/class-ai1wm-extractor.php","Line":548}

Sep 19 2022 02:01:41
{"Number":2,"Message":"touch(): Utime failed: Operation not permitted","File":"\/Applications\/XAMPP\/xamppfiles\/htdocs\/wp-content\/plugins\/all-in-one-wp-migration\/lib\/vendor\/servmask\/archiver\/class-ai1wm-extractor.php","Line":545}

Sep 19 2022 02:01:41
{"Number":2,"Message":"chmod(): Operation not permitted","File":"\/Applications\/XAMPP\/xamppfiles\/htdocs\/wp-content\/plugins\/all-in-one-wp-migration\/lib\/vendor\/servmask\/archiver\/class-ai1wm-extractor.php","Line":548}

Sep 19 2022 02:01:41
{"Number":2,"Message":"touch(): Utime failed: Operation not permitted","File":"\/Applications\/XAMPP\/xamppfiles\/htdocs\/wp-content\/plugins\/all-in-one-wp-migration\/lib\/vendor\/servmask\/archiver\/class-ai1wm-extractor.php","Line":545}

Sep 19 2022 02:01:41
{"Number":2,"Message":"chmod(): Operation not permitted","File":"\/Applications\/XAMPP\/xamppfiles\/htdocs\/wp-content\/plugins\/all-in-one-wp-migration\/lib\/vendor\/servmask\/archiver\/class-ai1wm-extractor.php","Line":548}

Sep 19 2022 02:01:41
{"Number":2,"Message":"touch(): Utime failed: Operation not permitted","File":"\/Applications\/XAMPP\/xamppfiles\/htdocs\/wp-content\/plugins\/all-in-one-wp-migration\/lib\/vendor\/servmask\/archiver\/class-ai1wm-extractor.php","Line":545}

Sep 19 2022 02:01:41
{"Number":2,"Message":"chmod(): Operation not permitted","File":"\/Applications\/XAMPP\/xamppfiles\/htdocs\/wp-content\/plugins\/all-in-one-wp-migration\/lib\/vendor\/servmask\/archiver\/class-ai1wm-extractor.php","Line":548}

Sep 19 2022 02:01:41
{"Number":2,"Message":"touch(): Utime failed: Operation not permitted","File":"\/Applications\/XAMPP\/xamppfiles\/htdocs\/wp-content\/plugins\/all-in-one-wp-migration\/lib\/vendor\/servmask\/archiver\/class-ai1wm-extractor.php","Line":545}

Sep 19 2022 02:01:41
{"Number":2,"Message":"chmod(): Operation not permitted","File":"\/Applications\/XAMPP\/xamppfiles\/htdocs\/wp-content\/plugins\/all-in-one-wp-migration\/lib\/vendor\/servmask\/archiver\/class-ai1wm-extractor.php","Line":548}

Sep 19 2022 02:01:41
{"Number":2,"Message":"touch(): Utime failed: Operation not permitted","File":"\/Applications\/XAMPP\/xamppfiles\/htdocs\/wp-content\/plugins\/all-in-one-wp-migration\/lib\/vendor\/servmask\/archiver\/class-ai1wm-extractor.php","Line":545}

Sep 19 2022 02:01:41
{"Number":2,"Message":"chmod(): Operation not permitted","File":"\/Applications\/XAMPP\/xamppfiles\/htdocs\/wp-content\/plugins\/all-in-one-wp-migration\/lib\/vendor\/servmask\/archiver\/class-ai1wm-extractor.php","Line":548}

Sep 19 2022 02:01:41
{"Number":2,"Message":"touch(): Utime failed: Operation not permitted","File":"\/Applications\/XAMPP\/xamppfiles\/htdocs\/wp-content\/plugins\/all-in-one-wp-migration\/lib\/vendor\/servmask\/archiver\/class-ai1wm-extractor.php","Line":545}

Sep 19 2022 02:01:41
{"Number":2,"Message":"chmod(): Operation not permitted","File":"\/Applications\/XAMPP\/xamppfiles\/htdocs\/wp-content\/plugins\/all-in-one-wp-migration\/lib\/vendor\/servmask\/archiver\/class-ai1wm-extractor.php","Line":548}

Sep 19 2022 02:01:41
{"Number":2,"Message":"touch(): Utime failed: Operation not permitted","File":"\/Applications\/XAMPP\/xamppfiles\/htdocs\/wp-content\/plugins\/all-in-one-wp-migration\/lib\/vendor\/servmask\/archiver\/class-ai1wm-extractor.php","Line":545}

Sep 19 2022 02:01:41
{"Number":2,"Message":"chmod(): Operation not permitted","File":"\/Applications\/XAMPP\/xamppfiles\/htdocs\/wp-content\/plugins\/all-in-one-wp-migration\/lib\/vendor\/servmask\/archiver\/class-ai1wm-extractor.php","Line":548}

Sep 19 2022 02:01:41
{"Number":2,"Message":"touch(): Utime failed: Operation not permitted","File":"\/Applications\/XAMPP\/xamppfiles\/htdocs\/wp-content\/plugins\/all-in-one-wp-migration\/lib\/vendor\/servmask\/archiver\/class-ai1wm-extractor.php","Line":545}

Sep 19 2022 02:01:41
{"Number":2,"Message":"chmod(): Operation not permitted","File":"\/Applications\/XAMPP\/xamppfiles\/htdocs\/wp-content\/plugins\/all-in-one-wp-migration\/lib\/vendor\/servmask\/archiver\/class-ai1wm-extractor.php","Line":548}

Sep 19 2022 02:01:41
{"Number":2,"Message":"touch(): Utime failed: Operation not permitted","File":"\/Applications\/XAMPP\/xamppfiles\/htdocs\/wp-content\/plugins\/all-in-one-wp-migration\/lib\/vendor\/servmask\/archiver\/class-ai1wm-extractor.php","Line":545}

Sep 19 2022 02:01:41
{"Number":2,"Message":"chmod(): Operation not permitted","File":"\/Applications\/XAMPP\/xamppfiles\/htdocs\/wp-content\/plugins\/all-in-one-wp-migration\/lib\/vendor\/servmask\/archiver\/class-ai1wm-extractor.php","Line":548}

Sep 19 2022 02:01:41
{"Number":2,"Message":"touch(): Utime failed: Operation not permitted","File":"\/Applications\/XAMPP\/xamppfiles\/htdocs\/wp-content\/plugins\/all-in-one-wp-migration\/lib\/vendor\/servmask\/archiver\/class-ai1wm-extractor.php","Line":545}

Sep 19 2022 02:01:41
{"Number":2,"Message":"chmod(): Operation not permitted","File":"\/Applications\/XAMPP\/xamppfiles\/htdocs\/wp-content\/plugins\/all-in-one-wp-migration\/lib\/vendor\/servmask\/archiver\/class-ai1wm-extractor.php","Line":548}

Sep 19 2022 02:01:41
{"Number":2,"Message":"touch(): Utime failed: Operation not permitted","File":"\/Applications\/XAMPP\/xamppfiles\/htdocs\/wp-content\/plugins\/all-in-one-wp-migration\/lib\/vendor\/servmask\/archiver\/class-ai1wm-extractor.php","Line":545}

Sep 19 2022 02:01:41
{"Number":2,"Message":"chmod(): Operation not permitted","File":"\/Applications\/XAMPP\/xamppfiles\/htdocs\/wp-content\/plugins\/all-in-one-wp-migration\/lib\/vendor\/servmask\/archiver\/class-ai1wm-extractor.php","Line":548}

Sep 19 2022 02:01:41
{"Number":2,"Message":"touch(): Utime failed: Operation not permitted","File":"\/Applications\/XAMPP\/xamppfiles\/htdocs\/wp-content\/plugins\/all-in-one-wp-migration\/lib\/vendor\/servmask\/archiver\/class-ai1wm-extractor.php","Line":545}

Sep 19 2022 02:01:41
{"Number":2,"Message":"chmod(): Operation not permitted","File":"\/Applications\/XAMPP\/xamppfiles\/htdocs\/wp-content\/plugins\/all-in-one-wp-migration\/lib\/vendor\/servmask\/archiver\/class-ai1wm-extractor.php","Line":548}

Sep 19 2022 02:01:41
{"Number":2,"Message":"touch(): Utime failed: Operation not permitted","File":"\/Applications\/XAMPP\/xamppfiles\/htdocs\/wp-content\/plugins\/all-in-one-wp-migration\/lib\/vendor\/servmask\/archiver\/class-ai1wm-extractor.php","Line":545}

Sep 19 2022 02:01:41
{"Number":2,"Message":"chmod(): Operation not permitted","File":"\/Applications\/XAMPP\/xamppfiles\/htdocs\/wp-content\/plugins\/all-in-one-wp-migration\/lib\/vendor\/servmask\/archiver\/class-ai1wm-extractor.php","Line":548}

Sep 19 2022 02:01:41
{"Number":2,"Message":"touch(): Utime failed: Operation not permitted","File":"\/Applications\/XAMPP\/xamppfiles\/htdocs\/wp-content\/plugins\/all-in-one-wp-migration\/lib\/vendor\/servmask\/archiver\/class-ai1wm-extractor.php","Line":545}

Sep 19 2022 02:01:41
{"Number":2,"Message":"chmod(): Operation not permitted","File":"\/Applications\/XAMPP\/xamppfiles\/htdocs\/wp-content\/plugins\/all-in-one-wp-migration\/lib\/vendor\/servmask\/archiver\/class-ai1wm-extractor.php","Line":548}

Sep 19 2022 02:01:41
{"Number":2,"Message":"touch(): Utime failed: Operation not permitted","File":"\/Applications\/XAMPP\/xamppfiles\/htdocs\/wp-content\/plugins\/all-in-one-wp-migration\/lib\/vendor\/servmask\/archiver\/class-ai1wm-extractor.php","Line":545}

Sep 19 2022 02:01:41
{"Number":2,"Message":"chmod(): Operation not permitted","File":"\/Applications\/XAMPP\/xamppfiles\/htdocs\/wp-content\/plugins\/all-in-one-wp-migration\/lib\/vendor\/servmask\/archiver\/class-ai1wm-extractor.php","Line":548}

Sep 19 2022 02:01:41
{"Number":2,"Message":"touch(): Utime failed: Operation not permitted","File":"\/Applications\/XAMPP\/xamppfiles\/htdocs\/wp-content\/plugins\/all-in-one-wp-migration\/lib\/vendor\/servmask\/archiver\/class-ai1wm-extractor.php","Line":545}

Sep 19 2022 02:01:41
{"Number":2,"Message":"chmod(): Operation not permitted","File":"\/Applications\/XAMPP\/xamppfiles\/htdocs\/wp-content\/plugins\/all-in-one-wp-migration\/lib\/vendor\/servmask\/archiver\/class-ai1wm-extractor.php","Line":548}

Sep 19 2022 02:01:41
{"Number":2,"Message":"touch(): Utime failed: Operation not permitted","File":"\/Applications\/XAMPP\/xamppfiles\/htdocs\/wp-content\/plugins\/all-in-one-wp-migration\/lib\/vendor\/servmask\/archiver\/class-ai1wm-extractor.php","Line":545}

Sep 19 2022 02:01:41
{"Number":2,"Message":"chmod(): Operation not permitted","File":"\/Applications\/XAMPP\/xamppfiles\/htdocs\/wp-content\/plugins\/all-in-one-wp-migration\/lib\/vendor\/servmask\/archiver\/class-ai1wm-extractor.php","Line":548}

Sep 19 2022 02:01:41
{"Number":2,"Message":"touch(): Utime failed: Operation not permitted","File":"\/Applications\/XAMPP\/xamppfiles\/htdocs\/wp-content\/plugins\/all-in-one-wp-migration\/lib\/vendor\/servmask\/archiver\/class-ai1wm-extractor.php","Line":545}

Sep 19 2022 02:01:41
{"Number":2,"Message":"chmod(): Operation not permitted","File":"\/Applications\/XAMPP\/xamppfiles\/htdocs\/wp-content\/plugins\/all-in-one-wp-migration\/lib\/vendor\/servmask\/archiver\/class-ai1wm-extractor.php","Line":548}

Sep 19 2022 02:01:41
{"Number":2,"Message":"touch(): Utime failed: Operation not permitted","File":"\/Applications\/XAMPP\/xamppfiles\/htdocs\/wp-content\/plugins\/all-in-one-wp-migration\/lib\/vendor\/servmask\/archiver\/class-ai1wm-extractor.php","Line":545}

Sep 19 2022 02:01:41
{"Number":2,"Message":"chmod(): Operation not permitted","File":"\/Applications\/XAMPP\/xamppfiles\/htdocs\/wp-content\/plugins\/all-in-one-wp-migration\/lib\/vendor\/servmask\/archiver\/class-ai1wm-extractor.php","Line":548}

Sep 19 2022 02:01:41
{"Number":2,"Message":"touch(): Utime failed: Operation not permitted","File":"\/Applications\/XAMPP\/xamppfiles\/htdocs\/wp-content\/plugins\/all-in-one-wp-migration\/lib\/vendor\/servmask\/archiver\/class-ai1wm-extractor.php","Line":545}

Sep 19 2022 02:01:41
{"Number":2,"Message":"chmod(): Operation not permitted","File":"\/Applications\/XAMPP\/xamppfiles\/htdocs\/wp-content\/plugins\/all-in-one-wp-migration\/lib\/vendor\/servmask\/archiver\/class-ai1wm-extractor.php","Line":548}

Sep 19 2022 02:01:41
{"Number":2,"Message":"touch(): Utime failed: Operation not permitted","File":"\/Applications\/XAMPP\/xamppfiles\/htdocs\/wp-content\/plugins\/all-in-one-wp-migration\/lib\/vendor\/servmask\/archiver\/class-ai1wm-extractor.php","Line":545}

Sep 19 2022 02:01:41
{"Number":2,"Message":"chmod(): Operation not permitted","File":"\/Applications\/XAMPP\/xamppfiles\/htdocs\/wp-content\/plugins\/all-in-one-wp-migration\/lib\/vendor\/servmask\/archiver\/class-ai1wm-extractor.php","Line":548}

Sep 19 2022 02:01:41
{"Number":2,"Message":"touch(): Utime failed: Operation not permitted","File":"\/Applications\/XAMPP\/xamppfiles\/htdocs\/wp-content\/plugins\/all-in-one-wp-migration\/lib\/vendor\/servmask\/archiver\/class-ai1wm-extractor.php","Line":545}

Sep 19 2022 02:01:41
{"Number":2,"Message":"chmod(): Operation not permitted","File":"\/Applications\/XAMPP\/xamppfiles\/htdocs\/wp-content\/plugins\/all-in-one-wp-migration\/lib\/vendor\/servmask\/archiver\/class-ai1wm-extractor.php","Line":548}

Sep 19 2022 02:01:41
{"Number":2,"Message":"touch(): Utime failed: Operation not permitted","File":"\/Applications\/XAMPP\/xamppfiles\/htdocs\/wp-content\/plugins\/all-in-one-wp-migration\/lib\/vendor\/servmask\/archiver\/class-ai1wm-extractor.php","Line":545}

Sep 19 2022 02:01:41
{"Number":2,"Message":"chmod(): Operation not permitted","File":"\/Applications\/XAMPP\/xamppfiles\/htdocs\/wp-content\/plugins\/all-in-one-wp-migration\/lib\/vendor\/servmask\/archiver\/class-ai1wm-extractor.php","Line":548}

Sep 19 2022 02:01:41
{"Number":2,"Message":"touch(): Utime failed: Operation not permitted","File":"\/Applications\/XAMPP\/xamppfiles\/htdocs\/wp-content\/plugins\/all-in-one-wp-migration\/lib\/vendor\/servmask\/archiver\/class-ai1wm-extractor.php","Line":545}

Sep 19 2022 02:01:41
{"Number":2,"Message":"chmod(): Operation not permitted","File":"\/Applications\/XAMPP\/xamppfiles\/htdocs\/wp-content\/plugins\/all-in-one-wp-migration\/lib\/vendor\/servmask\/archiver\/class-ai1wm-extractor.php","Line":548}

Sep 19 2022 02:01:41
{"Number":2,"Message":"touch(): Utime failed: Operation not permitted","File":"\/Applications\/XAMPP\/xamppfiles\/htdocs\/wp-content\/plugins\/all-in-one-wp-migration\/lib\/vendor\/servmask\/archiver\/class-ai1wm-extractor.php","Line":545}

Sep 19 2022 02:01:41
{"Number":2,"Message":"chmod(): Operation not permitted","File":"\/Applications\/XAMPP\/xamppfiles\/htdocs\/wp-content\/plugins\/all-in-one-wp-migration\/lib\/vendor\/servmask\/archiver\/class-ai1wm-extractor.php","Line":548}

Sep 19 2022 02:01:41
{"Number":2,"Message":"touch(): Utime failed: Operation not permitted","File":"\/Applications\/XAMPP\/xamppfiles\/htdocs\/wp-content\/plugins\/all-in-one-wp-migration\/lib\/vendor\/servmask\/archiver\/class-ai1wm-extractor.php","Line":545}

Sep 19 2022 02:01:41
{"Number":2,"Message":"chmod(): Operation not permitted","File":"\/Applications\/XAMPP\/xamppfiles\/htdocs\/wp-content\/plugins\/all-in-one-wp-migration\/lib\/vendor\/servmask\/archiver\/class-ai1wm-extractor.php","Line":548}

Sep 19 2022 02:01:41
{"Number":2,"Message":"touch(): Utime failed: Operation not permitted","File":"\/Applications\/XAMPP\/xamppfiles\/htdocs\/wp-content\/plugins\/all-in-one-wp-migration\/lib\/vendor\/servmask\/archiver\/class-ai1wm-extractor.php","Line":545}

Sep 19 2022 02:01:41
{"Number":2,"Message":"chmod(): Operation not permitted","File":"\/Applications\/XAMPP\/xamppfiles\/htdocs\/wp-content\/plugins\/all-in-one-wp-migration\/lib\/vendor\/servmask\/archiver\/class-ai1wm-extractor.php","Line":548}

Sep 19 2022 02:01:41
{"Number":2,"Message":"touch(): Utime failed: Operation not permitted","File":"\/Applications\/XAMPP\/xamppfiles\/htdocs\/wp-content\/plugins\/all-in-one-wp-migration\/lib\/vendor\/servmask\/archiver\/class-ai1wm-extractor.php","Line":545}

Sep 19 2022 02:01:41
{"Number":2,"Message":"chmod(): Operation not permitted","File":"\/Applications\/XAMPP\/xamppfiles\/htdocs\/wp-content\/plugins\/all-in-one-wp-migration\/lib\/vendor\/servmask\/archiver\/class-ai1wm-extractor.php","Line":548}

Sep 19 2022 02:01:41
{"Number":2,"Message":"touch(): Utime failed: Operation not permitted","File":"\/Applications\/XAMPP\/xamppfiles\/htdocs\/wp-content\/plugins\/all-in-one-wp-migration\/lib\/vendor\/servmask\/archiver\/class-ai1wm-extractor.php","Line":545}

Sep 19 2022 02:01:41
{"Number":2,"Message":"chmod(): Operation not permitted","File":"\/Applications\/XAMPP\/xamppfiles\/htdocs\/wp-content\/plugins\/all-in-one-wp-migration\/lib\/vendor\/servmask\/archiver\/class-ai1wm-extractor.php","Line":548}

Sep 19 2022 02:01:41
{"Number":2,"Message":"touch(): Utime failed: Operation not permitted","File":"\/Applications\/XAMPP\/xamppfiles\/htdocs\/wp-content\/plugins\/all-in-one-wp-migration\/lib\/vendor\/servmask\/archiver\/class-ai1wm-extractor.php","Line":545}

Sep 19 2022 02:01:41
{"Number":2,"Message":"chmod(): Operation not permitted","File":"\/Applications\/XAMPP\/xamppfiles\/htdocs\/wp-content\/plugins\/all-in-one-wp-migration\/lib\/vendor\/servmask\/archiver\/class-ai1wm-extractor.php","Line":548}

Sep 19 2022 02:01:41
{"Number":2,"Message":"touch(): Utime failed: Operation not permitted","File":"\/Applications\/XAMPP\/xamppfiles\/htdocs\/wp-content\/plugins\/all-in-one-wp-migration\/lib\/vendor\/servmask\/archiver\/class-ai1wm-extractor.php","Line":545}

Sep 19 2022 02:01:41
{"Number":2,"Message":"chmod(): Operation not permitted","File":"\/Applications\/XAMPP\/xamppfiles\/htdocs\/wp-content\/plugins\/all-in-one-wp-migration\/lib\/vendor\/servmask\/archiver\/class-ai1wm-extractor.php","Line":548}

Sep 19 2022 02:01:41
{"Number":2,"Message":"touch(): Utime failed: Operation not permitted","File":"\/Applications\/XAMPP\/xamppfiles\/htdocs\/wp-content\/plugins\/all-in-one-wp-migration\/lib\/vendor\/servmask\/archiver\/class-ai1wm-extractor.php","Line":545}

Sep 19 2022 02:01:41
{"Number":2,"Message":"chmod(): Operation not permitted","File":"\/Applications\/XAMPP\/xamppfiles\/htdocs\/wp-content\/plugins\/all-in-one-wp-migration\/lib\/vendor\/servmask\/archiver\/class-ai1wm-extractor.php","Line":548}

Sep 19 2022 02:01:41
{"Number":2,"Message":"touch(): Utime failed: Operation not permitted","File":"\/Applications\/XAMPP\/xamppfiles\/htdocs\/wp-content\/plugins\/all-in-one-wp-migration\/lib\/vendor\/servmask\/archiver\/class-ai1wm-extractor.php","Line":545}

Sep 19 2022 02:01:41
{"Number":2,"Message":"chmod(): Operation not permitted","File":"\/Applications\/XAMPP\/xamppfiles\/htdocs\/wp-content\/plugins\/all-in-one-wp-migration\/lib\/vendor\/servmask\/archiver\/class-ai1wm-extractor.php","Line":548}

Sep 19 2022 02:01:41
{"Number":2,"Message":"touch(): Utime failed: Operation not permitted","File":"\/Applications\/XAMPP\/xamppfiles\/htdocs\/wp-content\/plugins\/all-in-one-wp-migration\/lib\/vendor\/servmask\/archiver\/class-ai1wm-extractor.php","Line":545}

Sep 19 2022 02:01:41
{"Number":2,"Message":"chmod(): Operation not permitted","File":"\/Applications\/XAMPP\/xamppfiles\/htdocs\/wp-content\/plugins\/all-in-one-wp-migration\/lib\/vendor\/servmask\/archiver\/class-ai1wm-extractor.php","Line":548}

Sep 19 2022 02:01:41
{"Number":2,"Message":"touch(): Utime failed: Operation not permitted","File":"\/Applications\/XAMPP\/xamppfiles\/htdocs\/wp-content\/plugins\/all-in-one-wp-migration\/lib\/vendor\/servmask\/archiver\/class-ai1wm-extractor.php","Line":545}

Sep 19 2022 02:01:41
{"Number":2,"Message":"chmod(): Operation not permitted","File":"\/Applications\/XAMPP\/xamppfiles\/htdocs\/wp-content\/plugins\/all-in-one-wp-migration\/lib\/vendor\/servmask\/archiver\/class-ai1wm-extractor.php","Line":548}

Sep 19 2022 02:01:41
{"Number":2,"Message":"touch(): Utime failed: Operation not permitted","File":"\/Applications\/XAMPP\/xamppfiles\/htdocs\/wp-content\/plugins\/all-in-one-wp-migration\/lib\/vendor\/servmask\/archiver\/class-ai1wm-extractor.php","Line":545}

Sep 19 2022 02:01:41
{"Number":2,"Message":"chmod(): Operation not permitted","File":"\/Applications\/XAMPP\/xamppfiles\/htdocs\/wp-content\/plugins\/all-in-one-wp-migration\/lib\/vendor\/servmask\/archiver\/class-ai1wm-extractor.php","Line":548}

Sep 19 2022 02:01:41
{"Number":2,"Message":"touch(): Utime failed: Operation not permitted","File":"\/Applications\/XAMPP\/xamppfiles\/htdocs\/wp-content\/plugins\/all-in-one-wp-migration\/lib\/vendor\/servmask\/archiver\/class-ai1wm-extractor.php","Line":545}

Sep 19 2022 02:01:41
{"Number":2,"Message":"chmod(): Operation not permitted","File":"\/Applications\/XAMPP\/xamppfiles\/htdocs\/wp-content\/plugins\/all-in-one-wp-migration\/lib\/vendor\/servmask\/archiver\/class-ai1wm-extractor.php","Line":548}

Sep 19 2022 02:01:41
{"Number":2,"Message":"touch(): Utime failed: Operation not permitted","File":"\/Applications\/XAMPP\/xamppfiles\/htdocs\/wp-content\/plugins\/all-in-one-wp-migration\/lib\/vendor\/servmask\/archiver\/class-ai1wm-extractor.php","Line":545}

Sep 19 2022 02:01:41
{"Number":2,"Message":"chmod(): Operation not permitted","File":"\/Applications\/XAMPP\/xamppfiles\/htdocs\/wp-content\/plugins\/all-in-one-wp-migration\/lib\/vendor\/servmask\/archiver\/class-ai1wm-extractor.php","Line":548}

Sep 19 2022 02:01:41
{"Number":2,"Message":"touch(): Utime failed: Operation not permitted","File":"\/Applications\/XAMPP\/xamppfiles\/htdocs\/wp-content\/plugins\/all-in-one-wp-migration\/lib\/vendor\/servmask\/archiver\/class-ai1wm-extractor.php","Line":545}

Sep 19 2022 02:01:41
{"Number":2,"Message":"chmod(): Operation not permitted","File":"\/Applications\/XAMPP\/xamppfiles\/htdocs\/wp-content\/plugins\/all-in-one-wp-migration\/lib\/vendor\/servmask\/archiver\/class-ai1wm-extractor.php","Line":548}

Sep 19 2022 02:01:41
{"Number":2,"Message":"touch(): Utime failed: Operation not permitted","File":"\/Applications\/XAMPP\/xamppfiles\/htdocs\/wp-content\/plugins\/all-in-one-wp-migration\/lib\/vendor\/servmask\/archiver\/class-ai1wm-extractor.php","Line":545}

Sep 19 2022 02:01:41
{"Number":2,"Message":"chmod(): Operation not permitted","File":"\/Applications\/XAMPP\/xamppfiles\/htdocs\/wp-content\/plugins\/all-in-one-wp-migration\/lib\/vendor\/servmask\/archiver\/class-ai1wm-extractor.php","Line":548}

Sep 19 2022 02:01:41
{"Number":2,"Message":"touch(): Utime failed: Operation not permitted","File":"\/Applications\/XAMPP\/xamppfiles\/htdocs\/wp-content\/plugins\/all-in-one-wp-migration\/lib\/vendor\/servmask\/archiver\/class-ai1wm-extractor.php","Line":545}

Sep 19 2022 02:01:41
{"Number":2,"Message":"chmod(): Operation not permitted","File":"\/Applications\/XAMPP\/xamppfiles\/htdocs\/wp-content\/plugins\/all-in-one-wp-migration\/lib\/vendor\/servmask\/archiver\/class-ai1wm-extractor.php","Line":548}

Sep 19 2022 02:01:41
{"Number":2,"Message":"touch(): Utime failed: Operation not permitted","File":"\/Applications\/XAMPP\/xamppfiles\/htdocs\/wp-content\/plugins\/all-in-one-wp-migration\/lib\/vendor\/servmask\/archiver\/class-ai1wm-extractor.php","Line":545}

Sep 19 2022 02:01:41
{"Number":2,"Message":"chmod(): Operation not permitted","File":"\/Applications\/XAMPP\/xamppfiles\/htdocs\/wp-content\/plugins\/all-in-one-wp-migration\/lib\/vendor\/servmask\/archiver\/class-ai1wm-extractor.php","Line":548}

Sep 19 2022 02:01:41
{"Number":2,"Message":"touch(): Utime failed: Operation not permitted","File":"\/Applications\/XAMPP\/xamppfiles\/htdocs\/wp-content\/plugins\/all-in-one-wp-migration\/lib\/vendor\/servmask\/archiver\/class-ai1wm-extractor.php","Line":545}

Sep 19 2022 02:01:41
{"Number":2,"Message":"chmod(): Operation not permitted","File":"\/Applications\/XAMPP\/xamppfiles\/htdocs\/wp-content\/plugins\/all-in-one-wp-migration\/lib\/vendor\/servmask\/archiver\/class-ai1wm-extractor.php","Line":548}

Sep 19 2022 02:01:41
{"Number":2,"Message":"touch(): Utime failed: Operation not permitted","File":"\/Applications\/XAMPP\/xamppfiles\/htdocs\/wp-content\/plugins\/all-in-one-wp-migration\/lib\/vendor\/servmask\/archiver\/class-ai1wm-extractor.php","Line":545}

Sep 19 2022 02:01:41
{"Number":2,"Message":"chmod(): Operation not permitted","File":"\/Applications\/XAMPP\/xamppfiles\/htdocs\/wp-content\/plugins\/all-in-one-wp-migration\/lib\/vendor\/servmask\/archiver\/class-ai1wm-extractor.php","Line":548}

Sep 19 2022 02:01:41
{"Number":2,"Message":"touch(): Utime failed: Operation not permitted","File":"\/Applications\/XAMPP\/xamppfiles\/htdocs\/wp-content\/plugins\/all-in-one-wp-migration\/lib\/vendor\/servmask\/archiver\/class-ai1wm-extractor.php","Line":545}

Sep 19 2022 02:01:41
{"Number":2,"Message":"chmod(): Operation not permitted","File":"\/Applications\/XAMPP\/xamppfiles\/htdocs\/wp-content\/plugins\/all-in-one-wp-migration\/lib\/vendor\/servmask\/archiver\/class-ai1wm-extractor.php","Line":548}

Sep 19 2022 02:01:41
{"Number":2,"Message":"touch(): Utime failed: Operation not permitted","File":"\/Applications\/XAMPP\/xamppfiles\/htdocs\/wp-content\/plugins\/all-in-one-wp-migration\/lib\/vendor\/servmask\/archiver\/class-ai1wm-extractor.php","Line":545}

Sep 19 2022 02:01:41
{"Number":2,"Message":"chmod(): Operation not permitted","File":"\/Applications\/XAMPP\/xamppfiles\/htdocs\/wp-content\/plugins\/all-in-one-wp-migration\/lib\/vendor\/servmask\/archiver\/class-ai1wm-extractor.php","Line":548}

Sep 19 2022 02:01:41
{"Number":2,"Message":"touch(): Utime failed: Operation not permitted","File":"\/Applications\/XAMPP\/xamppfiles\/htdocs\/wp-content\/plugins\/all-in-one-wp-migration\/lib\/vendor\/servmask\/archiver\/class-ai1wm-extractor.php","Line":545}

Sep 19 2022 02:01:41
{"Number":2,"Message":"chmod(): Operation not permitted","File":"\/Applications\/XAMPP\/xamppfiles\/htdocs\/wp-content\/plugins\/all-in-one-wp-migration\/lib\/vendor\/servmask\/archiver\/class-ai1wm-extractor.php","Line":548}

Sep 19 2022 02:01:41
{"Number":2,"Message":"touch(): Utime failed: Operation not permitted","File":"\/Applications\/XAMPP\/xamppfiles\/htdocs\/wp-content\/plugins\/all-in-one-wp-migration\/lib\/vendor\/servmask\/archiver\/class-ai1wm-extractor.php","Line":545}

Sep 19 2022 02:01:41
{"Number":2,"Message":"chmod(): Operation not permitted","File":"\/Applications\/XAMPP\/xamppfiles\/htdocs\/wp-content\/plugins\/all-in-one-wp-migration\/lib\/vendor\/servmask\/archiver\/class-ai1wm-extractor.php","Line":548}

Sep 19 2022 02:01:41
{"Number":2,"Message":"touch(): Utime failed: Operation not permitted","File":"\/Applications\/XAMPP\/xamppfiles\/htdocs\/wp-content\/plugins\/all-in-one-wp-migration\/lib\/vendor\/servmask\/archiver\/class-ai1wm-extractor.php","Line":545}

Sep 19 2022 02:01:41
{"Number":2,"Message":"chmod(): Operation not permitted","File":"\/Applications\/XAMPP\/xamppfiles\/htdocs\/wp-content\/plugins\/all-in-one-wp-migration\/lib\/vendor\/servmask\/archiver\/class-ai1wm-extractor.php","Line":548}

Sep 19 2022 02:01:41
{"Number":2,"Message":"touch(): Utime failed: Operation not permitted","File":"\/Applications\/XAMPP\/xamppfiles\/htdocs\/wp-content\/plugins\/all-in-one-wp-migration\/lib\/vendor\/servmask\/archiver\/class-ai1wm-extractor.php","Line":545}

Sep 19 2022 02:01:41
{"Number":2,"Message":"chmod(): Operation not permitted","File":"\/Applications\/XAMPP\/xamppfiles\/htdocs\/wp-content\/plugins\/all-in-one-wp-migration\/lib\/vendor\/servmask\/archiver\/class-ai1wm-extractor.php","Line":548}

Sep 19 2022 02:01:41
{"Number":2,"Message":"touch(): Utime failed: Operation not permitted","File":"\/Applications\/XAMPP\/xamppfiles\/htdocs\/wp-content\/plugins\/all-in-one-wp-migration\/lib\/vendor\/servmask\/archiver\/class-ai1wm-extractor.php","Line":545}

Sep 19 2022 02:01:41
{"Number":2,"Message":"chmod(): Operation not permitted","File":"\/Applications\/XAMPP\/xamppfiles\/htdocs\/wp-content\/plugins\/all-in-one-wp-migration\/lib\/vendor\/servmask\/archiver\/class-ai1wm-extractor.php","Line":548}

Sep 19 2022 02:01:41
{"Number":2,"Message":"touch(): Utime failed: Operation not permitted","File":"\/Applications\/XAMPP\/xamppfiles\/htdocs\/wp-content\/plugins\/all-in-one-wp-migration\/lib\/vendor\/servmask\/archiver\/class-ai1wm-extractor.php","Line":545}

Sep 19 2022 02:01:41
{"Number":2,"Message":"chmod(): Operation not permitted","File":"\/Applications\/XAMPP\/xamppfiles\/htdocs\/wp-content\/plugins\/all-in-one-wp-migration\/lib\/vendor\/servmask\/archiver\/class-ai1wm-extractor.php","Line":548}

Sep 19 2022 02:01:41
{"Number":2,"Message":"touch(): Utime failed: Operation not permitted","File":"\/Applications\/XAMPP\/xamppfiles\/htdocs\/wp-content\/plugins\/all-in-one-wp-migration\/lib\/vendor\/servmask\/archiver\/class-ai1wm-extractor.php","Line":545}

Sep 19 2022 02:01:41
{"Number":2,"Message":"chmod(): Operation not permitted","File":"\/Applications\/XAMPP\/xamppfiles\/htdocs\/wp-content\/plugins\/all-in-one-wp-migration\/lib\/vendor\/servmask\/archiver\/class-ai1wm-extractor.php","Line":548}

