2022-08-24T01:08:18+00:00 CRITICAL Uncaught Error: Call to undefined function medyplus_post_thumbnail() in /Applications/XAMPP/xamppfiles/htdocs/wp-content/themes/medyplus/template-parts/content.php:32
Stack trace:
#0 /Applications/XAMPP/xamppfiles/htdocs/wp-includes/template.php(772): require()
#1 /Applications/XAMPP/xamppfiles/htdocs/wp-includes/template.php(716): load_template('/Applications/X...', false, Array)
#2 /Applications/XAMPP/xamppfiles/htdocs/wp-includes/general-template.php(204): locate_template(Array, true, false, Array)
#3 /Applications/XAMPP/xamppfiles/htdocs/wp-content/themes/medyplus/single.php(19): get_template_part('template-parts/...', 'product')
#4 /Applications/XAMPP/xamppfiles/htdocs/wp-includes/template-loader.php(106): include('/Applications/X...')
#5 /Applications/XAMPP/xamppfiles/htdocs/wp-blog-header.php(19): require_once('/Applications/X...')
#6 /Applications/XAMPP/xamppfiles/htdocs/index.php(17): require('/Applications/X...')
#7 {main}
  thrown in /Applications/XAMPP/xamppfiles/htdocs/wp-content/themes/medyplus/template-parts/content.php on line 32

2022-08-24T01:32:05+00:00 CRITICAL Uncaught Error: Call to undefined function medyplus_post_thumbnail() in /Applications/XAMPP/xamppfiles/htdocs/wp-content/themes/medyplus/template-parts/content.php:32
Stack trace:
#0 /Applications/XAMPP/xamppfiles/htdocs/wp-includes/template.php(772): require()
#1 /Applications/XAMPP/xamppfiles/htdocs/wp-includes/template.php(716): load_template('/Applications/X...', false, Array)
#2 /Applications/XAMPP/xamppfiles/htdocs/wp-includes/general-template.php(204): locate_template(Array, true, false, Array)
#3 /Applications/XAMPP/xamppfiles/htdocs/wp-content/themes/medyplus/single.php(19): get_template_part('template-parts/...', 'product')
#4 /Applications/XAMPP/xamppfiles/htdocs/wp-includes/template-loader.php(106): include('/Applications/X...')
#5 /Applications/XAMPP/xamppfiles/htdocs/wp-blog-header.php(19): require_once('/Applications/X...')
#6 /Applications/XAMPP/xamppfiles/htdocs/index.php(17): require('/Applications/X...')
#7 {main}
  thrown in /Applications/XAMPP/xamppfiles/htdocs/wp-content/themes/medyplus/template-parts/content.php on line 32

2022-08-24T02:16:41+00:00 CRITICAL Uncaught Error: Call to undefined method WC_Product_Simple::regular_price() in /Applications/XAMPP/xamppfiles/htdocs/wp-content/themes/medyplus/products.php:41
Stack trace:
#0 /Applications/XAMPP/xamppfiles/htdocs/wp-includes/template.php(772): require()
#1 /Applications/XAMPP/xamppfiles/htdocs/wp-includes/template.php(716): load_template('/Applications/X...', false, Array)
#2 /Applications/XAMPP/xamppfiles/htdocs/wp-includes/general-template.php(204): locate_template(Array, true, false, Array)
#3 /Applications/XAMPP/xamppfiles/htdocs/wp-content/themes/medyplus/home.php(164): get_template_part('products')
#4 /Applications/XAMPP/xamppfiles/htdocs/wp-includes/template-loader.php(106): include('/Applications/X...')
#5 /Applications/XAMPP/xamppfiles/htdocs/wp-blog-header.php(19): require_once('/Applications/X...')
#6 /Applications/XAMPP/xamppfiles/htdocs/index.php(17): require('/Applications/X...')
#7 {main}
  thrown in /Applications/XAMPP/xamppfiles/htdocs/wp-content/themes/medyplus/products.php on line 41

2022-08-24T02:46:38+00:00 CRITICAL Uncaught Error: Call to undefined function cot_facebook() in /Applications/XAMPP/xamppfiles/htdocs/wp-content/themes/medyplus/footer.php:184
Stack trace:
#0 /Applications/XAMPP/xamppfiles/htdocs/wp-includes/template.php(770): require_once()
#1 /Applications/XAMPP/xamppfiles/htdocs/wp-includes/template.php(716): load_template('/Applications/X...', true, Array)
#2 /Applications/XAMPP/xamppfiles/htdocs/wp-includes/general-template.php(92): locate_template(Array, true, true, Array)
#3 /Applications/XAMPP/xamppfiles/htdocs/wp-content/themes/medyplus/home.php(171): get_footer()
#4 /Applications/XAMPP/xamppfiles/htdocs/wp-includes/template-loader.php(106): include('/Applications/X...')
#5 /Applications/XAMPP/xamppfiles/htdocs/wp-blog-header.php(19): require_once('/Applications/X...')
#6 /Applications/XAMPP/xamppfiles/htdocs/index.php(17): require('/Applications/X...')
#7 {main}
  thrown in /Applications/XAMPP/xamppfiles/htdocs/wp-content/themes/medyplus/footer.php on line 184

2022-08-24T02:47:28+00:00 CRITICAL Uncaught Error: Call to undefined function cot_facebook() in /Applications/XAMPP/xamppfiles/htdocs/wp-content/themes/medyplus/footer.php:184
Stack trace:
#0 /Applications/XAMPP/xamppfiles/htdocs/wp-includes/template.php(770): require_once()
#1 /Applications/XAMPP/xamppfiles/htdocs/wp-includes/template.php(716): load_template('/Applications/X...', true, Array)
#2 /Applications/XAMPP/xamppfiles/htdocs/wp-includes/general-template.php(92): locate_template(Array, true, true, Array)
#3 /Applications/XAMPP/xamppfiles/htdocs/wp-content/themes/medyplus/home.php(171): get_footer()
#4 /Applications/XAMPP/xamppfiles/htdocs/wp-includes/template-loader.php(106): include('/Applications/X...')
#5 /Applications/XAMPP/xamppfiles/htdocs/wp-blog-header.php(19): require_once('/Applications/X...')
#6 /Applications/XAMPP/xamppfiles/htdocs/index.php(17): require('/Applications/X...')
#7 {main}
  thrown in /Applications/XAMPP/xamppfiles/htdocs/wp-content/themes/medyplus/footer.php on line 184

2022-08-24T02:48:25+00:00 CRITICAL Uncaught Error: Call to undefined function cot_facebook() in /Applications/XAMPP/xamppfiles/htdocs/wp-content/themes/medyplus/footer.php:184
Stack trace:
#0 /Applications/XAMPP/xamppfiles/htdocs/wp-includes/template.php(770): require_once()
#1 /Applications/XAMPP/xamppfiles/htdocs/wp-includes/template.php(716): load_template('/Applications/X...', true, Array)
#2 /Applications/XAMPP/xamppfiles/htdocs/wp-includes/general-template.php(92): locate_template(Array, true, true, Array)
#3 /Applications/XAMPP/xamppfiles/htdocs/wp-content/themes/medyplus/home.php(171): get_footer()
#4 /Applications/XAMPP/xamppfiles/htdocs/wp-includes/template-loader.php(106): include('/Applications/X...')
#5 /Applications/XAMPP/xamppfiles/htdocs/wp-blog-header.php(19): require_once('/Applications/X...')
#6 /Applications/XAMPP/xamppfiles/htdocs/index.php(17): require('/Applications/X...')
#7 {main}
  thrown in /Applications/XAMPP/xamppfiles/htdocs/wp-content/themes/medyplus/footer.php on line 184

2022-08-24T02:48:55+00:00 CRITICAL Uncaught Error: Call to undefined function cot_facebook() in /Applications/XAMPP/xamppfiles/htdocs/wp-content/themes/medyplus/footer.php:184
Stack trace:
#0 /Applications/XAMPP/xamppfiles/htdocs/wp-includes/template.php(770): require_once()
#1 /Applications/XAMPP/xamppfiles/htdocs/wp-includes/template.php(716): load_template('/Applications/X...', true, Array)
#2 /Applications/XAMPP/xamppfiles/htdocs/wp-includes/general-template.php(92): locate_template(Array, true, true, Array)
#3 /Applications/XAMPP/xamppfiles/htdocs/wp-content/themes/medyplus/home.php(171): get_footer()
#4 /Applications/XAMPP/xamppfiles/htdocs/wp-includes/template-loader.php(106): include('/Applications/X...')
#5 /Applications/XAMPP/xamppfiles/htdocs/wp-blog-header.php(19): require_once('/Applications/X...')
#6 /Applications/XAMPP/xamppfiles/htdocs/index.php(17): require('/Applications/X...')
#7 {main}
  thrown in /Applications/XAMPP/xamppfiles/htdocs/wp-content/themes/medyplus/footer.php on line 184

2022-08-24T02:48:57+00:00 CRITICAL Uncaught Error: Call to undefined function cot_facebook() in /Applications/XAMPP/xamppfiles/htdocs/wp-content/themes/medyplus/footer.php:184
Stack trace:
#0 /Applications/XAMPP/xamppfiles/htdocs/wp-includes/template.php(770): require_once()
#1 /Applications/XAMPP/xamppfiles/htdocs/wp-includes/template.php(716): load_template('/Applications/X...', true, Array)
#2 /Applications/XAMPP/xamppfiles/htdocs/wp-includes/general-template.php(92): locate_template(Array, true, true, Array)
#3 /Applications/XAMPP/xamppfiles/htdocs/wp-content/themes/medyplus/home.php(171): get_footer()
#4 /Applications/XAMPP/xamppfiles/htdocs/wp-includes/template-loader.php(106): include('/Applications/X...')
#5 /Applications/XAMPP/xamppfiles/htdocs/wp-blog-header.php(19): require_once('/Applications/X...')
#6 /Applications/XAMPP/xamppfiles/htdocs/index.php(17): require('/Applications/X...')
#7 {main}
  thrown in /Applications/XAMPP/xamppfiles/htdocs/wp-content/themes/medyplus/footer.php on line 184

2022-08-24T02:50:37+00:00 CRITICAL Uncaught Error: Call to undefined function cot_facebook() in /Applications/XAMPP/xamppfiles/htdocs/wp-content/themes/medyplus/footer.php:184
Stack trace:
#0 /Applications/XAMPP/xamppfiles/htdocs/wp-includes/template.php(770): require_once()
#1 /Applications/XAMPP/xamppfiles/htdocs/wp-includes/template.php(716): load_template('/Applications/X...', true, Array)
#2 /Applications/XAMPP/xamppfiles/htdocs/wp-includes/general-template.php(92): locate_template(Array, true, true, Array)
#3 /Applications/XAMPP/xamppfiles/htdocs/wp-content/themes/medyplus/home.php(171): get_footer()
#4 /Applications/XAMPP/xamppfiles/htdocs/wp-includes/template-loader.php(106): include('/Applications/X...')
#5 /Applications/XAMPP/xamppfiles/htdocs/wp-blog-header.php(19): require_once('/Applications/X...')
#6 /Applications/XAMPP/xamppfiles/htdocs/index.php(17): require('/Applications/X...')
#7 {main}
  thrown in /Applications/XAMPP/xamppfiles/htdocs/wp-content/themes/medyplus/footer.php on line 184

2022-08-24T02:50:50+00:00 CRITICAL Uncaught Error: Call to undefined function cot_facebook() in /Applications/XAMPP/xamppfiles/htdocs/wp-content/themes/medyplus/footer.php:184
Stack trace:
#0 /Applications/XAMPP/xamppfiles/htdocs/wp-includes/template.php(770): require_once()
#1 /Applications/XAMPP/xamppfiles/htdocs/wp-includes/template.php(716): load_template('/Applications/X...', true, Array)
#2 /Applications/XAMPP/xamppfiles/htdocs/wp-includes/general-template.php(92): locate_template(Array, true, true, Array)
#3 /Applications/XAMPP/xamppfiles/htdocs/wp-content/themes/medyplus/home.php(171): get_footer()
#4 /Applications/XAMPP/xamppfiles/htdocs/wp-includes/template-loader.php(106): include('/Applications/X...')
#5 /Applications/XAMPP/xamppfiles/htdocs/wp-blog-header.php(19): require_once('/Applications/X...')
#6 /Applications/XAMPP/xamppfiles/htdocs/index.php(17): require('/Applications/X...')
#7 {main}
  thrown in /Applications/XAMPP/xamppfiles/htdocs/wp-content/themes/medyplus/footer.php on line 184

2022-08-24T02:50:53+00:00 CRITICAL Uncaught Error: Call to undefined function cot_facebook() in /Applications/XAMPP/xamppfiles/htdocs/wp-content/themes/medyplus/footer.php:184
Stack trace:
#0 /Applications/XAMPP/xamppfiles/htdocs/wp-includes/template.php(770): require_once()
#1 /Applications/XAMPP/xamppfiles/htdocs/wp-includes/template.php(716): load_template('/Applications/X...', true, Array)
#2 /Applications/XAMPP/xamppfiles/htdocs/wp-includes/general-template.php(92): locate_template(Array, true, true, Array)
#3 /Applications/XAMPP/xamppfiles/htdocs/wp-content/themes/medyplus/home.php(171): get_footer()
#4 /Applications/XAMPP/xamppfiles/htdocs/wp-includes/template-loader.php(106): include('/Applications/X...')
#5 /Applications/XAMPP/xamppfiles/htdocs/wp-blog-header.php(19): require_once('/Applications/X...')
#6 /Applications/XAMPP/xamppfiles/htdocs/index.php(17): require('/Applications/X...')
#7 {main}
  thrown in /Applications/XAMPP/xamppfiles/htdocs/wp-content/themes/medyplus/footer.php on line 184

2022-08-24T02:50:56+00:00 CRITICAL Uncaught Error: Call to undefined function cot_facebook() in /Applications/XAMPP/xamppfiles/htdocs/wp-content/themes/medyplus/footer.php:184
Stack trace:
#0 /Applications/XAMPP/xamppfiles/htdocs/wp-includes/template.php(770): require_once()
#1 /Applications/XAMPP/xamppfiles/htdocs/wp-includes/template.php(716): load_template('/Applications/X...', true, Array)
#2 /Applications/XAMPP/xamppfiles/htdocs/wp-includes/general-template.php(92): locate_template(Array, true, true, Array)
#3 /Applications/XAMPP/xamppfiles/htdocs/wp-content/themes/medyplus/home.php(171): get_footer()
#4 /Applications/XAMPP/xamppfiles/htdocs/wp-includes/template-loader.php(106): include('/Applications/X...')
#5 /Applications/XAMPP/xamppfiles/htdocs/wp-blog-header.php(19): require_once('/Applications/X...')
#6 /Applications/XAMPP/xamppfiles/htdocs/index.php(17): require('/Applications/X...')
#7 {main}
  thrown in /Applications/XAMPP/xamppfiles/htdocs/wp-content/themes/medyplus/footer.php on line 184

2022-08-24T02:52:16+00:00 CRITICAL Uncaught Error: Call to undefined function cot_facebook() in /Applications/XAMPP/xamppfiles/htdocs/wp-content/themes/medyplus/footer.php:184
Stack trace:
#0 /Applications/XAMPP/xamppfiles/htdocs/wp-includes/template.php(770): require_once()
#1 /Applications/XAMPP/xamppfiles/htdocs/wp-includes/template.php(716): load_template('/Applications/X...', true, Array)
#2 /Applications/XAMPP/xamppfiles/htdocs/wp-includes/general-template.php(92): locate_template(Array, true, true, Array)
#3 /Applications/XAMPP/xamppfiles/htdocs/wp-content/themes/medyplus/home.php(171): get_footer()
#4 /Applications/XAMPP/xamppfiles/htdocs/wp-includes/template-loader.php(106): include('/Applications/X...')
#5 /Applications/XAMPP/xamppfiles/htdocs/wp-blog-header.php(19): require_once('/Applications/X...')
#6 /Applications/XAMPP/xamppfiles/htdocs/index.php(17): require('/Applications/X...')
#7 {main}
  thrown in /Applications/XAMPP/xamppfiles/htdocs/wp-content/themes/medyplus/footer.php on line 184

2022-08-24T02:52:17+00:00 CRITICAL Uncaught Error: Call to undefined function cot_facebook() in /Applications/XAMPP/xamppfiles/htdocs/wp-content/themes/medyplus/footer.php:184
Stack trace:
#0 /Applications/XAMPP/xamppfiles/htdocs/wp-includes/template.php(770): require_once()
#1 /Applications/XAMPP/xamppfiles/htdocs/wp-includes/template.php(716): load_template('/Applications/X...', true, Array)
#2 /Applications/XAMPP/xamppfiles/htdocs/wp-includes/general-template.php(92): locate_template(Array, true, true, Array)
#3 /Applications/XAMPP/xamppfiles/htdocs/wp-content/themes/medyplus/home.php(171): get_footer()
#4 /Applications/XAMPP/xamppfiles/htdocs/wp-includes/template-loader.php(106): include('/Applications/X...')
#5 /Applications/XAMPP/xamppfiles/htdocs/wp-blog-header.php(19): require_once('/Applications/X...')
#6 /Applications/XAMPP/xamppfiles/htdocs/index.php(17): require('/Applications/X...')
#7 {main}
  thrown in /Applications/XAMPP/xamppfiles/htdocs/wp-content/themes/medyplus/footer.php on line 184

2022-08-24T02:54:02+00:00 CRITICAL Uncaught Error: Call to undefined function cot_facebook() in /Applications/XAMPP/xamppfiles/htdocs/wp-content/themes/medyplus/footer.php:184
Stack trace:
#0 /Applications/XAMPP/xamppfiles/htdocs/wp-includes/template.php(770): require_once()
#1 /Applications/XAMPP/xamppfiles/htdocs/wp-includes/template.php(716): load_template('/Applications/X...', true, Array)
#2 /Applications/XAMPP/xamppfiles/htdocs/wp-includes/general-template.php(92): locate_template(Array, true, true, Array)
#3 /Applications/XAMPP/xamppfiles/htdocs/wp-content/themes/medyplus/home.php(171): get_footer()
#4 /Applications/XAMPP/xamppfiles/htdocs/wp-includes/template-loader.php(106): include('/Applications/X...')
#5 /Applications/XAMPP/xamppfiles/htdocs/wp-blog-header.php(19): require_once('/Applications/X...')
#6 /Applications/XAMPP/xamppfiles/htdocs/index.php(17): require('/Applications/X...')
#7 {main}
  thrown in /Applications/XAMPP/xamppfiles/htdocs/wp-content/themes/medyplus/footer.php on line 184

2022-08-24T03:18:10+00:00 CRITICAL Uncaught Error: Call to undefined function medyplus_post_thumbnail() in /Applications/XAMPP/xamppfiles/htdocs/wp-content/themes/medyplus/template-parts/content-page.php:17
Stack trace:
#0 /Applications/XAMPP/xamppfiles/htdocs/wp-includes/template.php(772): require()
#1 /Applications/XAMPP/xamppfiles/htdocs/wp-includes/template.php(716): load_template('/Applications/X...', false, Array)
#2 /Applications/XAMPP/xamppfiles/htdocs/wp-includes/general-template.php(204): locate_template(Array, true, false, Array)
#3 /Applications/XAMPP/xamppfiles/htdocs/wp-content/themes/medyplus/page.php(24): get_template_part('template-parts/...', 'page')
#4 /Applications/XAMPP/xamppfiles/htdocs/wp-includes/template-loader.php(106): include('/Applications/X...')
#5 /Applications/XAMPP/xamppfiles/htdocs/wp-blog-header.php(19): require_once('/Applications/X...')
#6 /Applications/XAMPP/xamppfiles/htdocs/index.php(17): require('/Applications/X...')
#7 {main}
  thrown in /Applications/XAMPP/xamppfiles/htdocs/wp-content/themes/medyplus/template-parts/content-page.php on line 17

2022-08-24T03:54:03+00:00 CRITICAL Uncaught Error: Call to undefined function medyplus_post_thumbnail() in /Applications/XAMPP/xamppfiles/htdocs/wp-content/themes/medyplus/template-parts/content-page.php:17
Stack trace:
#0 /Applications/XAMPP/xamppfiles/htdocs/wp-includes/template.php(772): require()
#1 /Applications/XAMPP/xamppfiles/htdocs/wp-includes/template.php(716): load_template('/Applications/X...', false, Array)
#2 /Applications/XAMPP/xamppfiles/htdocs/wp-includes/general-template.php(204): locate_template(Array, true, false, Array)
#3 /Applications/XAMPP/xamppfiles/htdocs/wp-content/themes/medyplus/page.php(24): get_template_part('template-parts/...', 'page')
#4 /Applications/XAMPP/xamppfiles/htdocs/wp-includes/template-loader.php(106): include('/Applications/X...')
#5 /Applications/XAMPP/xamppfiles/htdocs/wp-blog-header.php(19): require_once('/Applications/X...')
#6 /Applications/XAMPP/xamppfiles/htdocs/index.php(17): require('/Applications/X...')
#7 {main}
  thrown in /Applications/XAMPP/xamppfiles/htdocs/wp-content/themes/medyplus/template-parts/content-page.php on line 17

2022-08-24T04:20:50+00:00 CRITICAL Uncaught Error: Call to undefined function medyplus_post_thumbnail() in /Applications/XAMPP/xamppfiles/htdocs/wp-content/themes/medyplus/template-parts/content-page.php:17
Stack trace:
#0 /Applications/XAMPP/xamppfiles/htdocs/wp-includes/template.php(772): require()
#1 /Applications/XAMPP/xamppfiles/htdocs/wp-includes/template.php(716): load_template('/Applications/X...', false, Array)
#2 /Applications/XAMPP/xamppfiles/htdocs/wp-includes/general-template.php(204): locate_template(Array, true, false, Array)
#3 /Applications/XAMPP/xamppfiles/htdocs/wp-content/themes/medyplus/page.php(24): get_template_part('template-parts/...', 'page')
#4 /Applications/XAMPP/xamppfiles/htdocs/wp-includes/template-loader.php(106): include('/Applications/X...')
#5 /Applications/XAMPP/xamppfiles/htdocs/wp-blog-header.php(19): require_once('/Applications/X...')
#6 /Applications/XAMPP/xamppfiles/htdocs/index.php(17): require('/Applications/X...')
#7 {main}
  thrown in /Applications/XAMPP/xamppfiles/htdocs/wp-content/themes/medyplus/template-parts/content-page.php on line 17

2022-08-24T04:39:02+00:00 CRITICAL Uncaught Error: Call to undefined function medyplus_post_thumbnail() in /Applications/XAMPP/xamppfiles/htdocs/wp-content/themes/medyplus/template-parts/content-page.php:17
Stack trace:
#0 /Applications/XAMPP/xamppfiles/htdocs/wp-includes/template.php(772): require()
#1 /Applications/XAMPP/xamppfiles/htdocs/wp-includes/template.php(716): load_template('/Applications/X...', false, Array)
#2 /Applications/XAMPP/xamppfiles/htdocs/wp-includes/general-template.php(204): locate_template(Array, true, false, Array)
#3 /Applications/XAMPP/xamppfiles/htdocs/wp-content/themes/medyplus/page.php(24): get_template_part('template-parts/...', 'page')
#4 /Applications/XAMPP/xamppfiles/htdocs/wp-includes/template-loader.php(106): include('/Applications/X...')
#5 /Applications/XAMPP/xamppfiles/htdocs/wp-blog-header.php(19): require_once('/Applications/X...')
#6 /Applications/XAMPP/xamppfiles/htdocs/index.php(17): require('/Applications/X...')
#7 {main}
  thrown in /Applications/XAMPP/xamppfiles/htdocs/wp-content/themes/medyplus/template-parts/content-page.php on line 17

2022-08-24T13:41:41+00:00 CRITICAL Uncaught Error: Call to undefined function medyplus_post_thumbnail() in /Applications/XAMPP/xamppfiles/htdocs/wp-content/themes/medyplus/template-parts/content-page.php:17
Stack trace:
#0 /Applications/XAMPP/xamppfiles/htdocs/wp-includes/template.php(772): require()
#1 /Applications/XAMPP/xamppfiles/htdocs/wp-includes/template.php(716): load_template('/Applications/X...', false, Array)
#2 /Applications/XAMPP/xamppfiles/htdocs/wp-includes/general-template.php(204): locate_template(Array, true, false, Array)
#3 /Applications/XAMPP/xamppfiles/htdocs/wp-content/themes/medyplus/page.php(24): get_template_part('template-parts/...', 'page')
#4 /Applications/XAMPP/xamppfiles/htdocs/wp-includes/template-loader.php(106): include('/Applications/X...')
#5 /Applications/XAMPP/xamppfiles/htdocs/wp-blog-header.php(19): require_once('/Applications/X...')
#6 /Applications/XAMPP/xamppfiles/htdocs/index.php(17): require('/Applications/X...')
#7 {main}
  thrown in /Applications/XAMPP/xamppfiles/htdocs/wp-content/themes/medyplus/template-parts/content-page.php on line 17

2022-08-24T13:41:52+00:00 CRITICAL Uncaught Error: Call to undefined function medyplus_post_thumbnail() in /Applications/XAMPP/xamppfiles/htdocs/wp-content/themes/medyplus/template-parts/content-page.php:17
Stack trace:
#0 /Applications/XAMPP/xamppfiles/htdocs/wp-includes/template.php(772): require()
#1 /Applications/XAMPP/xamppfiles/htdocs/wp-includes/template.php(716): load_template('/Applications/X...', false, Array)
#2 /Applications/XAMPP/xamppfiles/htdocs/wp-includes/general-template.php(204): locate_template(Array, true, false, Array)
#3 /Applications/XAMPP/xamppfiles/htdocs/wp-content/themes/medyplus/page.php(24): get_template_part('template-parts/...', 'page')
#4 /Applications/XAMPP/xamppfiles/htdocs/wp-includes/template-loader.php(106): include('/Applications/X...')
#5 /Applications/XAMPP/xamppfiles/htdocs/wp-blog-header.php(19): require_once('/Applications/X...')
#6 /Applications/XAMPP/xamppfiles/htdocs/index.php(17): require('/Applications/X...')
#7 {main}
  thrown in /Applications/XAMPP/xamppfiles/htdocs/wp-content/themes/medyplus/template-parts/content-page.php on line 17

2022-08-24T14:27:59+00:00 CRITICAL Uncaught Error: Call to undefined function medyplus_post_thumbnail() in /Applications/XAMPP/xamppfiles/htdocs/wp-content/themes/medyplus/template-parts/content-page.php:17
Stack trace:
#0 /Applications/XAMPP/xamppfiles/htdocs/wp-includes/template.php(772): require()
#1 /Applications/XAMPP/xamppfiles/htdocs/wp-includes/template.php(716): load_template('/Applications/X...', false, Array)
#2 /Applications/XAMPP/xamppfiles/htdocs/wp-includes/general-template.php(204): locate_template(Array, true, false, Array)
#3 /Applications/XAMPP/xamppfiles/htdocs/wp-content/themes/medyplus/page.php(24): get_template_part('template-parts/...', 'page')
#4 /Applications/XAMPP/xamppfiles/htdocs/wp-includes/template-loader.php(106): include('/Applications/X...')
#5 /Applications/XAMPP/xamppfiles/htdocs/wp-blog-header.php(19): require_once('/Applications/X...')
#6 /Applications/XAMPP/xamppfiles/htdocs/index.php(17): require('/Applications/X...')
#7 {main}
  thrown in /Applications/XAMPP/xamppfiles/htdocs/wp-content/themes/medyplus/template-parts/content-page.php on line 17

2022-08-24T14:33:50+00:00 CRITICAL Uncaught Error: Call to undefined function medyplus_post_thumbnail() in /Applications/XAMPP/xamppfiles/htdocs/wp-content/themes/medyplus/template-parts/content-page.php:17
Stack trace:
#0 /Applications/XAMPP/xamppfiles/htdocs/wp-includes/template.php(772): require()
#1 /Applications/XAMPP/xamppfiles/htdocs/wp-includes/template.php(716): load_template('/Applications/X...', false, Array)
#2 /Applications/XAMPP/xamppfiles/htdocs/wp-includes/general-template.php(204): locate_template(Array, true, false, Array)
#3 /Applications/XAMPP/xamppfiles/htdocs/wp-content/themes/medyplus/page.php(24): get_template_part('template-parts/...', 'page')
#4 /Applications/XAMPP/xamppfiles/htdocs/wp-includes/template-loader.php(106): include('/Applications/X...')
#5 /Applications/XAMPP/xamppfiles/htdocs/wp-blog-header.php(19): require_once('/Applications/X...')
#6 /Applications/XAMPP/xamppfiles/htdocs/index.php(17): require('/Applications/X...')
#7 {main}
  thrown in /Applications/XAMPP/xamppfiles/htdocs/wp-content/themes/medyplus/template-parts/content-page.php on line 17

2022-08-24T14:58:56+00:00 CRITICAL Uncaught Error: Call to undefined method WC_Product_Simple::single_term_title() in /Applications/XAMPP/xamppfiles/htdocs/wp-content/themes/medyplus/products.php:27
Stack trace:
#0 /Applications/XAMPP/xamppfiles/htdocs/wp-includes/template.php(772): require()
#1 /Applications/XAMPP/xamppfiles/htdocs/wp-includes/template.php(716): load_template('/Applications/X...', false, Array)
#2 /Applications/XAMPP/xamppfiles/htdocs/wp-includes/general-template.php(204): locate_template(Array, true, false, Array)
#3 /Applications/XAMPP/xamppfiles/htdocs/wp-content/themes/medyplus/home.php(164): get_template_part('products')
#4 /Applications/XAMPP/xamppfiles/htdocs/wp-includes/template-loader.php(106): include('/Applications/X...')
#5 /Applications/XAMPP/xamppfiles/htdocs/wp-blog-header.php(19): require_once('/Applications/X...')
#6 /Applications/XAMPP/xamppfiles/htdocs/index.php(17): require('/Applications/X...')
#7 {main}
  thrown in /Applications/XAMPP/xamppfiles/htdocs/wp-content/themes/medyplus/products.php on line 27

2022-08-24T14:59:42+00:00 CRITICAL Uncaught Error: Call to undefined method WC_Product_Simple::slug() in /Applications/XAMPP/xamppfiles/htdocs/wp-content/themes/medyplus/products.php:27
Stack trace:
#0 /Applications/XAMPP/xamppfiles/htdocs/wp-includes/template.php(772): require()
#1 /Applications/XAMPP/xamppfiles/htdocs/wp-includes/template.php(716): load_template('/Applications/X...', false, Array)
#2 /Applications/XAMPP/xamppfiles/htdocs/wp-includes/general-template.php(204): locate_template(Array, true, false, Array)
#3 /Applications/XAMPP/xamppfiles/htdocs/wp-content/themes/medyplus/home.php(164): get_template_part('products')
#4 /Applications/XAMPP/xamppfiles/htdocs/wp-includes/template-loader.php(106): include('/Applications/X...')
#5 /Applications/XAMPP/xamppfiles/htdocs/wp-blog-header.php(19): require_once('/Applications/X...')
#6 /Applications/XAMPP/xamppfiles/htdocs/index.php(17): require('/Applications/X...')
#7 {main}
  thrown in /Applications/XAMPP/xamppfiles/htdocs/wp-content/themes/medyplus/products.php on line 27

2022-08-24T15:12:12+00:00 CRITICAL syntax error, unexpected 'exit' (T_EXIT) in /Applications/XAMPP/xamppfiles/htdocs/wp-content/themes/medyplus/products.php on line 22

2022-08-24T15:20:14+00:00 CRITICAL Uncaught Error: Call to undefined method WP_Term::get_name() in /Applications/XAMPP/xamppfiles/htdocs/wp-content/themes/medyplus/products.php:38
Stack trace:
#0 /Applications/XAMPP/xamppfiles/htdocs/wp-includes/template.php(772): require()
#1 /Applications/XAMPP/xamppfiles/htdocs/wp-includes/template.php(716): load_template('/Applications/X...', false, Array)
#2 /Applications/XAMPP/xamppfiles/htdocs/wp-includes/general-template.php(204): locate_template(Array, true, false, Array)
#3 /Applications/XAMPP/xamppfiles/htdocs/wp-content/themes/medyplus/home.php(164): get_template_part('products')
#4 /Applications/XAMPP/xamppfiles/htdocs/wp-includes/template-loader.php(106): include('/Applications/X...')
#5 /Applications/XAMPP/xamppfiles/htdocs/wp-blog-header.php(19): require_once('/Applications/X...')
#6 /Applications/XAMPP/xamppfiles/htdocs/index.php(17): require('/Applications/X...')
#7 {main}
  thrown in /Applications/XAMPP/xamppfiles/htdocs/wp-content/themes/medyplus/products.php on line 38

2022-08-24T15:28:08+00:00 CRITICAL Uncaught Error: Call to undefined function wc_get_all_categories() in /Applications/XAMPP/xamppfiles/htdocs/wp-content/themes/medyplus/GetCategoriesWoo.php:8
Stack trace:
#0 /Applications/XAMPP/xamppfiles/htdocs/wp-content/themes/medyplus/functions.php(57): GetCategoriesWoo->__construct()
#1 /Applications/XAMPP/xamppfiles/htdocs/wp-includes/shortcodes.php(356): header_search('', '', 'header_search')
#2 [internal function]: do_shortcode_tag(Array)
#3 /Applications/XAMPP/xamppfiles/htdocs/wp-includes/shortcodes.php(228): preg_replace_callback('/\\[(\\[?)(header...', 'do_shortcode_ta...', '[header_search]')
#4 /Applications/XAMPP/xamppfiles/htdocs/wp-content/themes/medyplus/header.php(72): do_shortcode('[header_search]')
#5 /Applications/XAMPP/xamppfiles/htdocs/wp-includes/template.php(770): require_once('/Applications/X...')
#6 /Applications/XAMPP/xamppfiles/htdocs/wp-includes/template.php(716): load_template('/Applications/X...', true, Array)
#7 /Applications/XAMPP/xamppfiles/htdocs/wp-includes/general-templat in /Applications/XAMPP/xamppfiles/htdocs/wp-content/themes/medyplus/GetCategoriesWoo.php on line 8

2022-08-24T15:28:44+00:00 CRITICAL Uncaught Error: Call to undefined function wc_get_all_categories() in /Applications/XAMPP/xamppfiles/htdocs/wp-content/themes/medyplus/GetCategoriesWoo.php:8
Stack trace:
#0 /Applications/XAMPP/xamppfiles/htdocs/wp-content/themes/medyplus/functions.php(57): GetCategoriesWoo->__construct()
#1 /Applications/XAMPP/xamppfiles/htdocs/wp-includes/shortcodes.php(356): header_search('', '', 'header_search')
#2 [internal function]: do_shortcode_tag(Array)
#3 /Applications/XAMPP/xamppfiles/htdocs/wp-includes/shortcodes.php(228): preg_replace_callback('/\\[(\\[?)(header...', 'do_shortcode_ta...', '[header_search]')
#4 /Applications/XAMPP/xamppfiles/htdocs/wp-content/themes/medyplus/header.php(72): do_shortcode('[header_search]')
#5 /Applications/XAMPP/xamppfiles/htdocs/wp-includes/template.php(770): require_once('/Applications/X...')
#6 /Applications/XAMPP/xamppfiles/htdocs/wp-includes/template.php(716): load_template('/Applications/X...', true, Array)
#7 /Applications/XAMPP/xamppfiles/htdocs/wp-includes/general-templat in /Applications/XAMPP/xamppfiles/htdocs/wp-content/themes/medyplus/GetCategoriesWoo.php on line 8

2022-08-24T15:30:01+00:00 CRITICAL Uncaught Error: Call to undefined function wc_get_all_categories() in /Applications/XAMPP/xamppfiles/htdocs/wp-content/themes/medyplus/GetCategoriesWoo.php:8
Stack trace:
#0 /Applications/XAMPP/xamppfiles/htdocs/wp-content/themes/medyplus/functions.php(57): GetCategoriesWoo->__construct()
#1 /Applications/XAMPP/xamppfiles/htdocs/wp-includes/shortcodes.php(356): header_search('', '', 'header_search')
#2 [internal function]: do_shortcode_tag(Array)
#3 /Applications/XAMPP/xamppfiles/htdocs/wp-includes/shortcodes.php(228): preg_replace_callback('/\\[(\\[?)(header...', 'do_shortcode_ta...', '[header_search]')
#4 /Applications/XAMPP/xamppfiles/htdocs/wp-content/themes/medyplus/header.php(72): do_shortcode('[header_search]')
#5 /Applications/XAMPP/xamppfiles/htdocs/wp-includes/template.php(770): require_once('/Applications/X...')
#6 /Applications/XAMPP/xamppfiles/htdocs/wp-includes/template.php(716): load_template('/Applications/X...', true, Array)
#7 /Applications/XAMPP/xamppfiles/htdocs/wp-includes/general-templat in /Applications/XAMPP/xamppfiles/htdocs/wp-content/themes/medyplus/GetCategoriesWoo.php on line 8

2022-08-24T15:30:33+00:00 CRITICAL Uncaught Error: Call to undefined function wc_get_all_categories() in /Applications/XAMPP/xamppfiles/htdocs/wp-content/themes/medyplus/GetCategoriesWoo.php:8
Stack trace:
#0 /Applications/XAMPP/xamppfiles/htdocs/wp-content/themes/medyplus/functions.php(57): GetCategoriesWoo->__construct()
#1 /Applications/XAMPP/xamppfiles/htdocs/wp-includes/shortcodes.php(356): header_search('', '', 'header_search')
#2 [internal function]: do_shortcode_tag(Array)
#3 /Applications/XAMPP/xamppfiles/htdocs/wp-includes/shortcodes.php(228): preg_replace_callback('/\\[(\\[?)(header...', 'do_shortcode_ta...', '[header_search]')
#4 /Applications/XAMPP/xamppfiles/htdocs/wp-content/themes/medyplus/header.php(72): do_shortcode('[header_search]')
#5 /Applications/XAMPP/xamppfiles/htdocs/wp-includes/template.php(770): require_once('/Applications/X...')
#6 /Applications/XAMPP/xamppfiles/htdocs/wp-includes/template.php(716): load_template('/Applications/X...', true, Array)
#7 /Applications/XAMPP/xamppfiles/htdocs/wp-includes/general-templat in /Applications/XAMPP/xamppfiles/htdocs/wp-content/themes/medyplus/GetCategoriesWoo.php on line 8

2022-08-24T15:30:45+00:00 CRITICAL Uncaught Error: Call to undefined function wc_get_all_categories() in /Applications/XAMPP/xamppfiles/htdocs/wp-content/themes/medyplus/GetCategoriesWoo.php:8
Stack trace:
#0 /Applications/XAMPP/xamppfiles/htdocs/wp-content/themes/medyplus/functions.php(57): GetCategoriesWoo->__construct()
#1 /Applications/XAMPP/xamppfiles/htdocs/wp-includes/shortcodes.php(356): header_search('', '', 'header_search')
#2 [internal function]: do_shortcode_tag(Array)
#3 /Applications/XAMPP/xamppfiles/htdocs/wp-includes/shortcodes.php(228): preg_replace_callback('/\\[(\\[?)(header...', 'do_shortcode_ta...', '[header_search]')
#4 /Applications/XAMPP/xamppfiles/htdocs/wp-content/themes/medyplus/header.php(72): do_shortcode('[header_search]')
#5 /Applications/XAMPP/xamppfiles/htdocs/wp-includes/template.php(770): require_once('/Applications/X...')
#6 /Applications/XAMPP/xamppfiles/htdocs/wp-includes/template.php(716): load_template('/Applications/X...', true, Array)
#7 /Applications/XAMPP/xamppfiles/htdocs/wp-includes/general-templat in /Applications/XAMPP/xamppfiles/htdocs/wp-content/themes/medyplus/GetCategoriesWoo.php on line 8

2022-08-24T15:32:57+00:00 CRITICAL Uncaught Error: Call to undefined function wc_get_all_categories() in /Applications/XAMPP/xamppfiles/htdocs/wp-content/themes/medyplus/GetCategoriesWoo.php:8
Stack trace:
#0 /Applications/XAMPP/xamppfiles/htdocs/wp-content/themes/medyplus/functions.php(57): GetCategoriesWoo->__construct()
#1 /Applications/XAMPP/xamppfiles/htdocs/wp-includes/shortcodes.php(356): header_search('', '', 'header_search')
#2 [internal function]: do_shortcode_tag(Array)
#3 /Applications/XAMPP/xamppfiles/htdocs/wp-includes/shortcodes.php(228): preg_replace_callback('/\\[(\\[?)(header...', 'do_shortcode_ta...', '[header_search]')
#4 /Applications/XAMPP/xamppfiles/htdocs/wp-content/themes/medyplus/header.php(72): do_shortcode('[header_search]')
#5 /Applications/XAMPP/xamppfiles/htdocs/wp-includes/template.php(770): require_once('/Applications/X...')
#6 /Applications/XAMPP/xamppfiles/htdocs/wp-includes/template.php(716): load_template('/Applications/X...', true, Array)
#7 /Applications/XAMPP/xamppfiles/htdocs/wp-includes/general-templat in /Applications/XAMPP/xamppfiles/htdocs/wp-content/themes/medyplus/GetCategoriesWoo.php on line 8

2022-08-24T15:32:58+00:00 CRITICAL Uncaught Error: Call to undefined function wc_get_all_categories() in /Applications/XAMPP/xamppfiles/htdocs/wp-content/themes/medyplus/GetCategoriesWoo.php:8
Stack trace:
#0 /Applications/XAMPP/xamppfiles/htdocs/wp-content/themes/medyplus/functions.php(57): GetCategoriesWoo->__construct()
#1 /Applications/XAMPP/xamppfiles/htdocs/wp-includes/shortcodes.php(356): header_search('', '', 'header_search')
#2 [internal function]: do_shortcode_tag(Array)
#3 /Applications/XAMPP/xamppfiles/htdocs/wp-includes/shortcodes.php(228): preg_replace_callback('/\\[(\\[?)(header...', 'do_shortcode_ta...', '[header_search]')
#4 /Applications/XAMPP/xamppfiles/htdocs/wp-content/themes/medyplus/header.php(72): do_shortcode('[header_search]')
#5 /Applications/XAMPP/xamppfiles/htdocs/wp-includes/template.php(770): require_once('/Applications/X...')
#6 /Applications/XAMPP/xamppfiles/htdocs/wp-includes/template.php(716): load_template('/Applications/X...', true, Array)
#7 /Applications/XAMPP/xamppfiles/htdocs/wp-includes/general-templat in /Applications/XAMPP/xamppfiles/htdocs/wp-content/themes/medyplus/GetCategoriesWoo.php on line 8

2022-08-24T15:38:05+00:00 CRITICAL Uncaught Error: Call to undefined function GetCategoriesWoo() in /Applications/XAMPP/xamppfiles/htdocs/wp-content/themes/medyplus/functions.php:57
Stack trace:
#0 /Applications/XAMPP/xamppfiles/htdocs/wp-includes/shortcodes.php(356): header_search('', '', 'header_search')
#1 [internal function]: do_shortcode_tag(Array)
#2 /Applications/XAMPP/xamppfiles/htdocs/wp-includes/shortcodes.php(228): preg_replace_callback('/\\[(\\[?)(header...', 'do_shortcode_ta...', '[header_search]')
#3 /Applications/XAMPP/xamppfiles/htdocs/wp-content/themes/medyplus/header.php(72): do_shortcode('[header_search]')
#4 /Applications/XAMPP/xamppfiles/htdocs/wp-includes/template.php(770): require_once('/Applications/X...')
#5 /Applications/XAMPP/xamppfiles/htdocs/wp-includes/template.php(716): load_template('/Applications/X...', true, Array)
#6 /Applications/XAMPP/xamppfiles/htdocs/wp-includes/general-template.php(48): locate_template(Array, true, true, Array)
#7 /Applications/XAMPP/xamppfiles/htdocs/wp-content/themes/medyplus/home.php( in /Applications/XAMPP/xamppfiles/htdocs/wp-content/themes/medyplus/functions.php on line 57

2022-08-24T15:38:10+00:00 CRITICAL Uncaught Error: Call to undefined function GetCategoriesWoo() in /Applications/XAMPP/xamppfiles/htdocs/wp-content/themes/medyplus/functions.php:57
Stack trace:
#0 /Applications/XAMPP/xamppfiles/htdocs/wp-includes/shortcodes.php(356): header_search('', '', 'header_search')
#1 [internal function]: do_shortcode_tag(Array)
#2 /Applications/XAMPP/xamppfiles/htdocs/wp-includes/shortcodes.php(228): preg_replace_callback('/\\[(\\[?)(header...', 'do_shortcode_ta...', '[header_search]')
#3 /Applications/XAMPP/xamppfiles/htdocs/wp-content/themes/medyplus/header.php(72): do_shortcode('[header_search]')
#4 /Applications/XAMPP/xamppfiles/htdocs/wp-includes/template.php(770): require_once('/Applications/X...')
#5 /Applications/XAMPP/xamppfiles/htdocs/wp-includes/template.php(716): load_template('/Applications/X...', true, Array)
#6 /Applications/XAMPP/xamppfiles/htdocs/wp-includes/general-template.php(48): locate_template(Array, true, true, Array)
#7 /Applications/XAMPP/xamppfiles/htdocs/wp-content/themes/medyplus/home.php( in /Applications/XAMPP/xamppfiles/htdocs/wp-content/themes/medyplus/functions.php on line 57

2022-08-24T15:40:30+00:00 CRITICAL Uncaught Error: Class 'GetCategoriesWoo' not found in /Applications/XAMPP/xamppfiles/htdocs/wp-content/themes/medyplus/functions.php:57
Stack trace:
#0 /Applications/XAMPP/xamppfiles/htdocs/wp-includes/shortcodes.php(356): header_search('', '', 'header_search')
#1 [internal function]: do_shortcode_tag(Array)
#2 /Applications/XAMPP/xamppfiles/htdocs/wp-includes/shortcodes.php(228): preg_replace_callback('/\\[(\\[?)(header...', 'do_shortcode_ta...', '[header_search]')
#3 /Applications/XAMPP/xamppfiles/htdocs/wp-content/themes/medyplus/header.php(72): do_shortcode('[header_search]')
#4 /Applications/XAMPP/xamppfiles/htdocs/wp-includes/template.php(770): require_once('/Applications/X...')
#5 /Applications/XAMPP/xamppfiles/htdocs/wp-includes/template.php(716): load_template('/Applications/X...', true, Array)
#6 /Applications/XAMPP/xamppfiles/htdocs/wp-includes/general-template.php(48): locate_template(Array, true, true, Array)
#7 /Applications/XAMPP/xamppfiles/htdocs/wp-content/themes/medyplus/home.php(5): get_hea in /Applications/XAMPP/xamppfiles/htdocs/wp-content/themes/medyplus/functions.php on line 57

