08-24-2022 @ 08:09:43 - 3.1.0 - No subscription webhooks found using API version 3. No updates needed.
08-24-2022 @ 08:09:43 - 3.1.6 upgrade complete from Subscriptions v0 while WooCommerce WC_VERSION 6.8.2 and database version 6.8.2 was active.
08-24-2022 @ 08:09:43 - Environment info:
08-24-2022 @ 08:09:43 -     WordPress Version : 6.0.1
08-24-2022 @ 08:09:43 - Active Plugins:
08-24-2022 @ 08:09:43 -     Medyplus Metabox by Vu Xuan Phuong – Unknown version
08-24-2022 @ 08:09:43 -     Advanced Custom Fields by Delicious Brains – 5.12.3
08-24-2022 @ 08:09:43 -     Classic Editor by WordPress Contributors – 1.6.2
08-24-2022 @ 08:09:43 -     Code Widget by Solution Box – 1.0.15
08-24-2022 @ 08:09:43 -     Custom Options Tree by Vishit Shah – 1.3.1
08-24-2022 @ 08:09:43 -     Debug Bar Console by koopersmith – 0.3
08-24-2022 @ 08:09:43 -     Debug Bar Extender by Thorsten Ott, Automattic – 0.5
08-24-2022 @ 08:09:43 -     Debug Bar by wordpressdotorg – 1.1.3
08-24-2022 @ 08:09:43 -     Developer by Automattic – 1.2.6
08-24-2022 @ 08:09:43 -     GTranslate by Translate AI Multilingual Solutions – 2.9.12
08-24-2022 @ 08:09:43 -     Monster Widget by Automattic – 0.3
08-24-2022 @ 08:09:43 -     Regenerate Thumbnails by Alex Mills (Viper007Bond) – 3.1.5
08-24-2022 @ 08:09:43 -     Simply Show IDs by Matt Martz – 1.3.3
08-24-2022 @ 08:09:43 -     Smart Slider 3 by Nextend – 3.5.1.9
08-24-2022 @ 08:09:43 -     Simple Sticky Add To Cart For WooCommerce by Solution Box – 1.3.9
08-24-2022 @ 08:09:43 -     Theme Check by Theme Review Team – 20211203
08-24-2022 @ 08:09:43 -     Advanced Editor Tools (previously TinyMCE Advanced) by Automattic – 5.6.0
08-24-2022 @ 08:09:43 -     WooCommerce Payments by Automattic – 4.6.0
08-24-2022 @ 08:09:43 -     WooCommerce by Automattic – 6.8.2
08-24-2022 @ 08:09:43 -     WordPress Importer by wordpressdotorg – 0.7
08-24-2022 @ 08:09:43 -     Yoast SEO by Team Yoast – 19.6
